#
# There is insufficient memory for the Java Runtime Environment to continue.
# Native memory allocation (mmap) failed to map 68157440 bytes for committing reserved memory.
# Possible reasons:
#   The system is out of physical RAM or swap space
#   In 32 bit mode, the process size limit was hit
# Possible solutions:
#   Reduce memory load on the system
#   Increase physical memory or swap space
#   Check if swap backing store is full
#   Use 64 bit Java on a 64 bit OS
#   Decrease Java heap size (-Xmx/-Xms)
#   Decrease number of Java threads
#   Decrease Java thread stack sizes (-Xss)
#   Set larger code cache with -XX:ReservedCodeCacheSize=
# This output file may be truncated or incomplete.
#
#  Out of Memory Error (os_linux.cpp:2640), pid=20199, tid=0x00007fdd009f9700
#
# JRE version: OpenJDK Runtime Environment (8.0_152) (build 1.8.0_152-release-1343-b16-5323222)
# Java VM: OpenJDK 64-Bit Server VM (25.152-b16-5323222 mixed mode linux-amd64 compressed oops)
# Failed to write core dump. Core dumps have been disabled. To enable core dumping, try "ulimit -c unlimited" before starting Java again
#

---------------  T H R E A D  ---------------

Current thread (0x00007fdd18079000):  VMThread [stack: 0x00007fdd008fa000,0x00007fdd009fa000] [id=20207]

Stack: [0x00007fdd008fa000,0x00007fdd009fa000],  sp=0x00007fdd009f84c0,  free space=1017k
Native frames: (J=compiled Java code, j=interpreted, Vv=VM code, C=native code)
V  [libjvm.so+0x9ffc88]  VMError::report_and_die()+0x148
V  [libjvm.so+0x4ce9aa]  report_vm_out_of_memory(char const*, int, unsigned long, VMErrorType, char const*)+0x8a
V  [libjvm.so+0x8673d8]  os::pd_commit_memory(char*, unsigned long, unsigned long, bool)+0xd8
V  [libjvm.so+0x86201f]  os::commit_memory(char*, unsigned long, unsigned long, bool)+0x1f
V  [libjvm.so+0x8d839b]  PSVirtualSpace::expand_by(unsigned long)+0x5b
V  [libjvm.so+0x8d8ff0]  PSYoungGen::resize_generation(unsigned long, unsigned long)+0xb0
V  [libjvm.so+0x8d930b]  PSYoungGen::resize(unsigned long, unsigned long)+0x1b
V  [libjvm.so+0x8d5a3e]  PSScavenge::invoke_no_policy()+0xdce
V  [libjvm.so+0x8cf560]  PSParallelCompact::invoke(bool)+0x40
V  [libjvm.so+0x45e9e3]  CollectedHeap::collect_as_vm_thread(GCCause::Cause)+0x143
V  [libjvm.so+0xa010a1]  VM_CollectForMetadataAllocation::doit()+0x141
V  [libjvm.so+0xa05bf7]  VM_Operation::evaluate()+0x47
V  [libjvm.so+0xa04658]  VMThread::evaluate_operation(VM_Operation*)+0x2c8
V  [libjvm.so+0xa04ab1]  VMThread::loop()+0x1f1
V  [libjvm.so+0xa04ee2]  VMThread::run()+0x72
V  [libjvm.so+0x864822]  java_start(Thread*)+0xf2

VM_Operation (0x00007fdcea1078a0): CollectForMetadataAllocation, mode: safepoint, requested by thread 0x00007fdcc400a000


---------------  P R O C E S S  ---------------

Java Threads: ( => current thread )
  0x00007fdcb06cd800 JavaThread "Cache worker for file hash cache (/home/angnima/AndroidStudioProjects/SamsProject/.gradle/5.1.1/fileHashes)" [_thread_blocked, id=20231, stack(0x00007fdce9508000,0x00007fdce9609000)]
  0x00007fdcb00ec800 JavaThread "Cache worker for journal cache (/home/angnima/.gradle/caches/journal-1)" [_thread_blocked, id=20229, stack(0x00007fdce9809000,0x00007fdce990a000)]
  0x00007fdcb00ea000 JavaThread "File lock request listener" [_thread_in_native, id=20228, stack(0x00007fdce990a000,0x00007fdce9a0b000)]
  0x00007fdcb00e3800 JavaThread "Cache worker for file hash cache (/home/angnima/.gradle/caches/5.1.1/fileHashes)" [_thread_blocked, id=20227, stack(0x00007fdce9a0b000,0x00007fdce9b0c000)]
  0x00007fdcb0018000 JavaThread "Thread-8" [_thread_blocked, id=20226, stack(0x00007fdce9d0c000,0x00007fdce9e0d000)]
  0x00007fdcb000f800 JavaThread "Stdin handler" [_thread_blocked, id=20225, stack(0x00007fdce9e0d000,0x00007fdce9f0e000)]
  0x00007fdcb000e000 JavaThread "Asynchronous log dispatcher for DefaultDaemonConnection: socket connection from /0:0:0:0:0:0:0:1:46023 to /0:0:0:0:0:0:0:1:57568" [_thread_blocked, id=20224, stack(0x00007fdce9f0e000,0x00007fdcea00f000)]
  0x00007fdcc400a000 JavaThread "Daemon worker" [_thread_blocked, id=20221, stack(0x00007fdcea00f000,0x00007fdcea110000)]
  0x00007fdcc4008000 JavaThread "Cancel handler" [_thread_blocked, id=20220, stack(0x00007fdcea110000,0x00007fdcea211000)]
  0x00007fdcc4006000 JavaThread "Handler for socket connection from /0:0:0:0:0:0:0:1:46023 to /0:0:0:0:0:0:0:1:57568" [_thread_in_native, id=20219, stack(0x00007fdcea211000,0x00007fdcea312000)]
  0x00007fdccc020000 JavaThread "Daemon" [_thread_blocked, id=20218, stack(0x00007fdcea312000,0x00007fdcea413000)]
  0x00007fdd18fd8800 JavaThread "Daemon periodic checks" [_thread_blocked, id=20217, stack(0x00007fdcea413000,0x00007fdcea514000)]
  0x00007fdd18fb2800 JavaThread "Incoming local TCP Connector on port 46023" [_thread_in_native, id=20216, stack(0x00007fdcea51b000,0x00007fdcea61c000)]
  0x00007fdd180e3800 JavaThread "Service Thread" daemon [_thread_blocked, id=20214, stack(0x00007fdd001f2000,0x00007fdd002f3000)]
  0x00007fdd180be000 JavaThread "C1 CompilerThread2" daemon [_thread_blocked, id=20213, stack(0x00007fdd002f4000,0x00007fdd003f4000)]
  0x00007fdd180bc800 JavaThread "C2 CompilerThread1" daemon [_thread_blocked, id=20212, stack(0x00007fdd003f5000,0x00007fdd004f5000)]
  0x00007fdd180b9800 JavaThread "C2 CompilerThread0" daemon [_thread_blocked, id=20211, stack(0x00007fdd004f6000,0x00007fdd005f6000)]
  0x00007fdd180b5800 JavaThread "Signal Dispatcher" daemon [_thread_blocked, id=20210, stack(0x00007fdd005f6000,0x00007fdd006f7000)]
  0x00007fdd18085800 JavaThread "Finalizer" daemon [_thread_blocked, id=20209, stack(0x00007fdd006f7000,0x00007fdd007f8000)]
  0x00007fdd18081000 JavaThread "Reference Handler" daemon [_thread_blocked, id=20208, stack(0x00007fdd007f8000,0x00007fdd008f9000)]
  0x00007fdd1800b800 JavaThread "main" [_thread_blocked, id=20202, stack(0x00007fdd1f8da000,0x00007fdd1f9da000)]

Other Threads:
=>0x00007fdd18079000 VMThread [stack: 0x00007fdd008fa000,0x00007fdd009fa000] [id=20207]
  0x00007fdd180e6000 WatcherThread [stack: 0x00007fdd000f2000,0x00007fdd001f2000] [id=20215]

VM state:at safepoint (normal execution)

VM Mutex/Monitor currently owned by a thread:  ([mutex/lock_event])
[0x00007fdd18007f10] Threads_lock - owner thread: 0x00007fdd18079000
[0x00007fdd18008410] Heap_lock - owner thread: 0x00007fdcc400a000

Heap:
 PSYoungGen      total 69632K, used 7167K [0x00000000e0000000, 0x00000000e4c00000, 0x0000000100000000)
  eden space 62464K, 0% used [0x00000000e0000000,0x00000000e0000000,0x00000000e3d00000)
  from space 7168K, 99% used [0x00000000e3d00000,0x00000000e43ffce0,0x00000000e4400000)
  to   space 6144K, 0% used [0x00000000e4400000,0x00000000e4400000,0x00000000e4a00000)
 ParOldGen       total 42496K, used 7885K [0x00000000a0000000, 0x00000000a2980000, 0x00000000e0000000)
  object space 42496K, 18% used [0x00000000a0000000,0x00000000a07b3710,0x00000000a2980000)
 Metaspace       used 20608K, capacity 21078K, committed 21296K, reserved 1067008K
  class space    used 2903K, capacity 3092K, committed 3200K, reserved 1048576K

Card table byte_map: [0x00007fdd1ce01000,0x00007fdd1d102000] byte_map_base: 0x00007fdd1c901000

Marking Bits: (ParMarkBitMap*) 0x00007fdd1efa6f00
 Begin Bits: [0x00007fdd01000000, 0x00007fdd02800000)
 End Bits:   [0x00007fdd02800000, 0x00007fdd04000000)

Polling page: 0x00007fdd1f9ff000

CodeCache: size=245760Kb used=5779Kb max_used=5790Kb free=239980Kb
 bounds [0x00007fdd09000000, 0x00007fdd095b0000, 0x00007fdd18000000]
 total_blobs=2120 nmethods=1717 adapters=317
 compilation: enabled

Compilation events (10 events):
Event: 20.470 Thread 0x00007fdd180be000 1716       3       java.lang.reflect.Method::isBridge (16 bytes)
Event: 20.483 Thread 0x00007fdd180be000 nmethod 1716 0x00007fdd095a6390 code [0x00007fdd095a6500, 0x00007fdd095a6750]
Event: 20.483 Thread 0x00007fdd180be000 1717       3       org.codehaus.groovy.reflection.CachedClass::getCachedSuperClass (11 bytes)
Event: 20.490 Thread 0x00007fdd180be000 nmethod 1717 0x00007fdd095a67d0 code [0x00007fdd095a6940, 0x00007fdd095a6c48]
Event: 20.594 Thread 0x00007fdd180bc800 1718       4       sun.misc.ProxyGenerator$ConstantPool$IndirectEntry::hashCode (15 bytes)
Event: 20.594 Thread 0x00007fdd180be000 1719       3       sun.misc.ProxyGenerator$ExceptionTableEntry::<init> (26 bytes)
Event: 20.676 Thread 0x00007fdd180be000 nmethod 1719 0x00007fdd095a6d10 code [0x00007fdd095a6e80, 0x00007fdd095a7030]
Event: 20.680 Thread 0x00007fdd180be000 1720       3       sun.misc.ProxyGenerator::access$700 (7 bytes)
Event: 20.681 Thread 0x00007fdd180be000 nmethod 1720 0x00007fdd095a7490 code [0x00007fdd095a7600, 0x00007fdd095a77e8]
Event: 20.740 Thread 0x00007fdd180bc800 nmethod 1718 0x00007fdd095aa590 code [0x00007fdd095aa6e0, 0x00007fdd095aa758]

GC Heap History (10 events):
Event: 0.730 GC heap after
Heap after GC invocations=2 (full 0):
 PSYoungGen      total 18432K, used 2537K [0x00000000e0000000, 0x00000000e2400000, 0x0000000100000000)
  eden space 15872K, 0% used [0x00000000e0000000,0x00000000e0000000,0x00000000e0f80000)
  from space 2560K, 99% used [0x00000000e1200000,0x00000000e147a760,0x00000000e1480000)
  to   space 2560K, 0% used [0x00000000e0f80000,0x00000000e0f80000,0x00000000e1200000)
 ParOldGen       total 42496K, used 226K [0x00000000a0000000, 0x00000000a2980000, 0x00000000e0000000)
  object space 42496K, 0% used [0x00000000a0000000,0x00000000a0038810,0x00000000a2980000)
 Metaspace       used 6511K, capacity 6670K, committed 6784K, reserved 1056768K
  class space    used 799K, capacity 843K, committed 896K, reserved 1048576K
}
Event: 0.861 GC heap before
{Heap before GC invocations=3 (full 0):
 PSYoungGen      total 18432K, used 18409K [0x00000000e0000000, 0x00000000e2400000, 0x0000000100000000)
  eden space 15872K, 100% used [0x00000000e0000000,0x00000000e0f80000,0x00000000e0f80000)
  from space 2560K, 99% used [0x00000000e1200000,0x00000000e147a760,0x00000000e1480000)
  to   space 2560K, 0% used [0x00000000e0f80000,0x00000000e0f80000,0x00000000e1200000)
 ParOldGen       total 42496K, used 226K [0x00000000a0000000, 0x00000000a2980000, 0x00000000e0000000)
  object space 42496K, 0% used [0x00000000a0000000,0x00000000a0038810,0x00000000a2980000)
 Metaspace       used 6737K, capacity 6950K, committed 7168K, reserved 1056768K
  class space    used 831K, capacity 915K, committed 1024K, reserved 1048576K
Event: 0.864 GC heap after
Heap after GC invocations=3 (full 0):
 PSYoungGen      total 18432K, used 2556K [0x00000000e0000000, 0x00000000e2400000, 0x0000000100000000)
  eden space 15872K, 0% used [0x00000000e0000000,0x00000000e0000000,0x00000000e0f80000)
  from space 2560K, 99% used [0x00000000e0f80000,0x00000000e11ff270,0x00000000e1200000)
  to   space 2560K, 0% used [0x00000000e2180000,0x00000000e2180000,0x00000000e2400000)
 ParOldGen       total 42496K, used 449K [0x00000000a0000000, 0x00000000a2980000, 0x00000000e0000000)
  object space 42496K, 1% used [0x00000000a0000000,0x00000000a00705b8,0x00000000a2980000)
 Metaspace       used 6737K, capacity 6950K, committed 7168K, reserved 1056768K
  class space    used 831K, capacity 915K, committed 1024K, reserved 1048576K
}
Event: 1.079 GC heap before
{Heap before GC invocations=4 (full 0):
 PSYoungGen      total 18432K, used 18428K [0x00000000e0000000, 0x00000000e2400000, 0x0000000100000000)
  eden space 15872K, 100% used [0x00000000e0000000,0x00000000e0f80000,0x00000000e0f80000)
  from space 2560K, 99% used [0x00000000e0f80000,0x00000000e11ff270,0x00000000e1200000)
  to   space 2560K, 0% used [0x00000000e2180000,0x00000000e2180000,0x00000000e2400000)
 ParOldGen       total 42496K, used 449K [0x00000000a0000000, 0x00000000a2980000, 0x00000000e0000000)
  object space 42496K, 1% used [0x00000000a0000000,0x00000000a00705b8,0x00000000a2980000)
 Metaspace       used 8894K, capacity 9148K, committed 9216K, reserved 1056768K
  class space    used 1170K, capacity 1260K, committed 1280K, reserved 1048576K
Event: 1.084 GC heap after
Heap after GC invocations=4 (full 0):
 PSYoungGen      total 34304K, used 2544K [0x00000000e0000000, 0x00000000e2400000, 0x0000000100000000)
  eden space 31744K, 0% used [0x00000000e0000000,0x00000000e0000000,0x00000000e1f00000)
  from space 2560K, 99% used [0x00000000e2180000,0x00000000e23fc010,0x00000000e2400000)
  to   space 2560K, 0% used [0x00000000e1f00000,0x00000000e1f00000,0x00000000e2180000)
 ParOldGen       total 42496K, used 1782K [0x00000000a0000000, 0x00000000a2980000, 0x00000000e0000000)
  object space 42496K, 4% used [0x00000000a0000000,0x00000000a01bd9d0,0x00000000a2980000)
 Metaspace       used 8894K, capacity 9148K, committed 9216K, reserved 1056768K
  class space    used 1170K, capacity 1260K, committed 1280K, reserved 1048576K
}
Event: 1.619 GC heap before
{Heap before GC invocations=5 (full 0):
 PSYoungGen      total 34304K, used 34288K [0x00000000e0000000, 0x00000000e2400000, 0x0000000100000000)
  eden space 31744K, 100% used [0x00000000e0000000,0x00000000e1f00000,0x00000000e1f00000)
  from space 2560K, 99% used [0x00000000e2180000,0x00000000e23fc010,0x00000000e2400000)
  to   space 2560K, 0% used [0x00000000e1f00000,0x00000000e1f00000,0x00000000e2180000)
 ParOldGen       total 42496K, used 1782K [0x00000000a0000000, 0x00000000a2980000, 0x00000000e0000000)
  object space 42496K, 4% used [0x00000000a0000000,0x00000000a01bd9d0,0x00000000a2980000)
 Metaspace       used 12928K, capacity 13304K, committed 13568K, reserved 1060864K
  class space    used 1791K, capacity 1964K, committed 2048K, reserved 1048576K
Event: 1.627 GC heap after
Heap after GC invocations=5 (full 0):
 PSYoungGen      total 34304K, used 2544K [0x00000000e0000000, 0x00000000e4a00000, 0x0000000100000000)
  eden space 31744K, 0% used [0x00000000e0000000,0x00000000e0000000,0x00000000e1f00000)
  from space 2560K, 99% used [0x00000000e1f00000,0x00000000e217c050,0x00000000e2180000)
  to   space 6144K, 0% used [0x00000000e4400000,0x00000000e4400000,0x00000000e4a00000)
 ParOldGen       total 42496K, used 5561K [0x00000000a0000000, 0x00000000a2980000, 0x00000000e0000000)
  object space 42496K, 13% used [0x00000000a0000000,0x00000000a056e408,0x00000000a2980000)
 Metaspace       used 12928K, capacity 13304K, committed 13568K, reserved 1060864K
  class space    used 1791K, capacity 1964K, committed 2048K, reserved 1048576K
}
Event: 2.111 GC heap before
{Heap before GC invocations=6 (full 0):
 PSYoungGen      total 34304K, used 34288K [0x00000000e0000000, 0x00000000e4a00000, 0x0000000100000000)
  eden space 31744K, 100% used [0x00000000e0000000,0x00000000e1f00000,0x00000000e1f00000)
  from space 2560K, 99% used [0x00000000e1f00000,0x00000000e217c050,0x00000000e2180000)
  to   space 6144K, 0% used [0x00000000e4400000,0x00000000e4400000,0x00000000e4a00000)
 ParOldGen       total 42496K, used 5561K [0x00000000a0000000, 0x00000000a2980000, 0x00000000e0000000)
  object space 42496K, 13% used [0x00000000a0000000,0x00000000a056e408,0x00000000a2980000)
 Metaspace       used 15743K, capacity 16110K, committed 16384K, reserved 1062912K
  class space    used 2268K, capacity 2455K, committed 2560K, reserved 1048576K
Event: 2.126 GC heap after
Heap after GC invocations=6 (full 0):
 PSYoungGen      total 68608K, used 6139K [0x00000000e0000000, 0x00000000e4c00000, 0x0000000100000000)
  eden space 62464K, 0% used [0x00000000e0000000,0x00000000e0000000,0x00000000e3d00000)
  from space 6144K, 99% used [0x00000000e4400000,0x00000000e49fec28,0x00000000e4a00000)
  to   space 7168K, 0% used [0x00000000e3d00000,0x00000000e3d00000,0x00000000e4400000)
 ParOldGen       total 42496K, used 5899K [0x00000000a0000000, 0x00000000a2980000, 0x00000000e0000000)
  object space 42496K, 13% used [0x00000000a0000000,0x00000000a05c2cf8,0x00000000a2980000)
 Metaspace       used 15743K, capacity 16110K, committed 16384K, reserved 1062912K
  class space    used 2268K, capacity 2455K, committed 2560K, reserved 1048576K
}
Event: 20.924 GC heap before
{Heap before GC invocations=7 (full 0):
 PSYoungGen      total 68608K, used 49890K [0x00000000e0000000, 0x00000000e4c00000, 0x0000000100000000)
  eden space 62464K, 70% used [0x00000000e0000000,0x00000000e2ab9cf0,0x00000000e3d00000)
  from space 6144K, 99% used [0x00000000e4400000,0x00000000e49fec28,0x00000000e4a00000)
  to   space 7168K, 0% used [0x00000000e3d00000,0x00000000e3d00000,0x00000000e4400000)
 ParOldGen       total 42496K, used 5899K [0x00000000a0000000, 0x00000000a2980000, 0x00000000e0000000)
  object space 42496K, 13% used [0x00000000a0000000,0x00000000a05c2cf8,0x00000000a2980000)
 Metaspace       used 20608K, capacity 21078K, committed 21296K, reserved 1067008K
  class space    used 2903K, capacity 3092K, committed 3200K, reserved 1048576K

Deoptimization events (10 events):
Event: 18.221 Thread 0x00007fdcc400a000 Uncommon trap: reason=bimorphic action=maybe_recompile pc=0x00007fdd094f4078 method=java.lang.ClassLoader.getPackage(Ljava/lang/String;)Ljava/lang/Package; @ 47
Event: 18.224 Thread 0x00007fdcc400a000 Uncommon trap: reason=unstable_if action=reinterpret pc=0x00007fdd094f3608 method=java.net.URLClassLoader.getAndVerifyPackage(Ljava/lang/String;Ljava/util/jar/Manifest;Ljava/net/URL;)Ljava/lang/Package; @ 62
Event: 19.160 Thread 0x00007fdcc400a000 Uncommon trap: reason=unstable_if action=reinterpret pc=0x00007fdd0951dfcc method=java.io.BufferedInputStream.read([BII)I @ 56
Event: 19.177 Thread 0x00007fdcc400a000 Uncommon trap: reason=unstable_if action=reinterpret pc=0x00007fdd0915a330 method=java.lang.AbstractStringBuilder.append(Ljava/lang/String;)Ljava/lang/AbstractStringBuilder; @ 1
Event: 19.181 Thread 0x00007fdcc400a000 Uncommon trap: reason=unstable_if action=reinterpret pc=0x00007fdd09159834 method=java.lang.AbstractStringBuilder.append(Ljava/lang/String;)Ljava/lang/AbstractStringBuilder; @ 1
Event: 19.605 Thread 0x00007fdcc400a000 Uncommon trap: reason=unstable_if action=reinterpret pc=0x00007fdd0922ed98 method=java.io.UnixFileSystem.normalize(Ljava/lang/String;)Ljava/lang/String; @ 60
Event: 19.608 Thread 0x00007fdcc400a000 Uncommon trap: reason=class_check action=maybe_recompile pc=0x00007fdd091d805c method=sun.misc.URLClassPath.getLoader(I)Lsun/misc/URLClassPath$Loader; @ 94
Event: 19.608 Thread 0x00007fdcc400a000 Uncommon trap: reason=class_check action=maybe_recompile pc=0x00007fdd092f9c2c method=sun.misc.URLClassPath.getResource(Ljava/lang/String;Z)Lsun/misc/Resource; @ 62
Event: 19.609 Thread 0x00007fdcc400a000 Uncommon trap: reason=unstable_if action=reinterpret pc=0x00007fdd092230ec method=java.io.UnixFileSystem.normalize(Ljava/lang/String;)Ljava/lang/String; @ 60
Event: 19.610 Thread 0x00007fdcc400a000 Uncommon trap: reason=unstable_if action=reinterpret pc=0x00007fdd0953ff20 method=java.lang.ClassLoader.getClassLoadingLock(Ljava/lang/String;)Ljava/lang/Object; @ 6

Classes redefined (0 events):
No events

Internal exceptions (10 events):
Event: 18.531 Thread 0x00007fdcc400a000 Exception <a 'java/lang/NoSuchMethodError': <clinit>> (0x00000000e18a8708) thrown at [/buildbot/src/googleplex-android/openjdk/out/hotspot/src/share/vm/prims/jni.cpp, line 1613]
Event: 18.544 Thread 0x00007fdcc400a000 Exception <a 'java/lang/NoSuchMethodError': <clinit>> (0x00000000e18b8a00) thrown at [/buildbot/src/googleplex-android/openjdk/out/hotspot/src/share/vm/prims/jni.cpp, line 1613]
Event: 18.546 Thread 0x00007fdcc400a000 Exception <a 'java/lang/NoSuchMethodError': <clinit>> (0x00000000e18c5d88) thrown at [/buildbot/src/googleplex-android/openjdk/out/hotspot/src/share/vm/prims/jni.cpp, line 1613]
Event: 18.567 Thread 0x00007fdcc400a000 Exception <a 'java/lang/NoSuchMethodError': <clinit>> (0x00000000e1996b88) thrown at [/buildbot/src/googleplex-android/openjdk/out/hotspot/src/share/vm/prims/jni.cpp, line 1613]
Event: 18.568 Thread 0x00007fdcc400a000 Exception <a 'java/lang/NoSuchMethodError': <clinit>> (0x00000000e199acb8) thrown at [/buildbot/src/googleplex-android/openjdk/out/hotspot/src/share/vm/prims/jni.cpp, line 1613]
Event: 18.568 Thread 0x00007fdcc400a000 Exception <a 'java/lang/NoSuchMethodError': <clinit>> (0x00000000e199c7c0) thrown at [/buildbot/src/googleplex-android/openjdk/out/hotspot/src/share/vm/prims/jni.cpp, line 1613]
Event: 18.568 Thread 0x00007fdcc400a000 Exception <a 'java/lang/NoSuchMethodError': <clinit>> (0x00000000e199df90) thrown at [/buildbot/src/googleplex-android/openjdk/out/hotspot/src/share/vm/prims/jni.cpp, line 1613]
Event: 18.568 Thread 0x00007fdcc400a000 Exception <a 'java/lang/NoSuchMethodError': <clinit>> (0x00000000e199f610) thrown at [/buildbot/src/googleplex-android/openjdk/out/hotspot/src/share/vm/prims/jni.cpp, line 1613]
Event: 19.170 Thread 0x00007fdcc400a000 Implicit null exception at 0x00007fdd09159f75 to 0x00007fdd0915a31d
Event: 19.181 Thread 0x00007fdcc400a000 Implicit null exception at 0x00007fdd09159476 to 0x00007fdd0915981d

Events (10 events):
Event: 20.407 loading class org/codehaus/groovy/runtime/DefaultGroovyStaticMethods done
Event: 20.474 loading class java/time/ZoneId
Event: 20.492 loading class java/time/ZoneId done
Event: 20.495 loading class org/codehaus/groovy/runtime/metaclass/NewStaticMetaMethod
Event: 20.495 loading class org/codehaus/groovy/runtime/metaclass/NewStaticMetaMethod done
Event: 20.680 loading class org/codehaus/groovy/runtime/m12n/ExtensionModuleScanner
Event: 20.680 loading class org/codehaus/groovy/runtime/m12n/ExtensionModuleScanner done
Event: 20.793 loading class org/codehaus/groovy/runtime/metaclass/MetaClassRegistryImpl$DefaultModuleListener
Event: 20.805 loading class org/codehaus/groovy/runtime/metaclass/MetaClassRegistryImpl$DefaultModuleListener done
Event: 20.862 Executing VM operation: CollectForMetadataAllocation


Dynamic libraries:
00400000-00401000 r-xp 00000000 08:01 3022938                            /home/angnima/Documents/software in use/android-studio/jre/bin/java
00401000-00402000 rw-p 00000000 08:01 3022938                            /home/angnima/Documents/software in use/android-studio/jre/bin/java
01367000-01388000 rw-p 00000000 00:00 0                                  [heap]
a0000000-a2980000 rw-p 00000000 00:00 0 
a2980000-e0000000 ---p 00000000 00:00 0 
e0000000-e4c00000 rw-p 00000000 00:00 0 
e8d00000-100000000 ---p 00000000 00:00 0 
100000000-100320000 rw-p 00000000 00:00 0 
100320000-140000000 ---p 00000000 00:00 0 
7fdc98000000-7fdc98021000 rw-p 00000000 00:00 0 
7fdc98021000-7fdc9c000000 ---p 00000000 00:00 0 
7fdc9c000000-7fdc9c021000 rw-p 00000000 00:00 0 
7fdc9c021000-7fdca0000000 ---p 00000000 00:00 0 
7fdca0000000-7fdca0021000 rw-p 00000000 00:00 0 
7fdca0021000-7fdca4000000 ---p 00000000 00:00 0 
7fdca4000000-7fdca4021000 rw-p 00000000 00:00 0 
7fdca4021000-7fdca8000000 ---p 00000000 00:00 0 
7fdca8000000-7fdca8021000 rw-p 00000000 00:00 0 
7fdca8021000-7fdcac000000 ---p 00000000 00:00 0 
7fdcac000000-7fdcac021000 rw-p 00000000 00:00 0 
7fdcac021000-7fdcb0000000 ---p 00000000 00:00 0 
7fdcb0000000-7fdcb0bd5000 rw-p 00000000 00:00 0 
7fdcb0bd5000-7fdcb4000000 ---p 00000000 00:00 0 
7fdcb4000000-7fdcb43ea000 rw-p 00000000 00:00 0 
7fdcb43ea000-7fdcb8000000 ---p 00000000 00:00 0 
7fdcb8000000-7fdcb8021000 rw-p 00000000 00:00 0 
7fdcb8021000-7fdcbc000000 ---p 00000000 00:00 0 
7fdcbc000000-7fdcbc021000 rw-p 00000000 00:00 0 
7fdcbc021000-7fdcc0000000 ---p 00000000 00:00 0 
7fdcc0000000-7fdcc0021000 rw-p 00000000 00:00 0 
7fdcc0021000-7fdcc4000000 ---p 00000000 00:00 0 
7fdcc4000000-7fdcc4021000 rw-p 00000000 00:00 0 
7fdcc4021000-7fdcc8000000 ---p 00000000 00:00 0 
7fdcc8000000-7fdcc8021000 rw-p 00000000 00:00 0 
7fdcc8021000-7fdccc000000 ---p 00000000 00:00 0 
7fdccc000000-7fdccc05d000 rw-p 00000000 00:00 0 
7fdccc05d000-7fdcd0000000 ---p 00000000 00:00 0 
7fdcd0000000-7fdcd07f4000 rw-p 00000000 00:00 0 
7fdcd07f4000-7fdcd4000000 ---p 00000000 00:00 0 
7fdcd4000000-7fdcd4021000 rw-p 00000000 00:00 0 
7fdcd4021000-7fdcd8000000 ---p 00000000 00:00 0 
7fdcd8000000-7fdcd9e42000 rw-p 00000000 00:00 0 
7fdcd9e42000-7fdcdc000000 ---p 00000000 00:00 0 
7fdcdc000000-7fdcddea9000 rw-p 00000000 00:00 0 
7fdcddea9000-7fdce0000000 ---p 00000000 00:00 0 
7fdce0000000-7fdce0021000 rw-p 00000000 00:00 0 
7fdce0021000-7fdce4000000 ---p 00000000 00:00 0 
7fdce4000000-7fdce4021000 rw-p 00000000 00:00 0 
7fdce4021000-7fdce8000000 ---p 00000000 00:00 0 
7fdce8aba000-7fdce8c66000 rw-p 00000000 00:00 0 
7fdce8c66000-7fdce8cba000 ---p 00000000 00:00 0 
7fdce8cba000-7fdce8cbb000 r--s 00000000 08:01 1846332                    /home/angnima/.gradle/caches/jars-3/497c99dc43ce8fece95d0e589f2459bd/gradle-appengine-builder-model-0.1.0.jar
7fdce8cbb000-7fdce8e67000 r--s 034c1000 08:01 4077869                    /home/angnima/.gradle/caches/jars-3/74791b8937944cb57fe7387edf177473/android.jar
7fdce8e67000-7fdce90d9000 r--s 01914000 08:01 4077867                    /home/angnima/.gradle/caches/jars-3/82369510698072463efbe6adcbe28b53/gradle-api-impldep-4.10.jar
7fdce90d9000-7fdce92d9000 rw-p 00000000 00:00 0 
7fdce92d9000-7fdce92da000 r--s 00002000 08:01 4077875                    /home/angnima/.gradle/caches/jars-3/53bc20af5a23d7a7034d5aad4c49c4c9/kotlin-gradle-plugin-model-1.3.0.jar
7fdce92da000-7fdce930c000 r--s 0026a000 08:01 4077873                    /home/angnima/.gradle/caches/jars-3/1292525a786f20744e75964100cf9267/guava-25.1-jre.jar
7fdce930c000-7fdce9333000 r--s 00707000 08:01 4077871                    /home/angnima/.gradle/caches/jars-3/a1901f7ef8a40b711a0150ec42b32464/sdk-tools.jar
7fdce9333000-7fdce948e000 r--s 00bad000 08:01 4077865                    /home/angnima/.gradle/caches/jars-3/9f8c68e9e5f76d63aea917149b6bc9a0/gradle-api-4.10.jar
7fdce948e000-7fdce9508000 r--s 010fd000 08:01 3022895                    /home/angnima/Documents/software in use/android-studio/jre/lib/tools.jar
7fdce9508000-7fdce950b000 ---p 00000000 00:00 0 
7fdce950b000-7fdce9809000 rw-p 00000000 00:00 0 
7fdce9809000-7fdce980c000 ---p 00000000 00:00 0 
7fdce980c000-7fdce990a000 rw-p 00000000 00:00 0 
7fdce990a000-7fdce990d000 ---p 00000000 00:00 0 
7fdce990d000-7fdce9a0b000 rw-p 00000000 00:00 0 
7fdce9a0b000-7fdce9a0e000 ---p 00000000 00:00 0 
7fdce9a0e000-7fdce9d0c000 rw-p 00000000 00:00 0 
7fdce9d0c000-7fdce9d0f000 ---p 00000000 00:00 0 
7fdce9d0f000-7fdce9e0d000 rw-p 00000000 00:00 0 
7fdce9e0d000-7fdce9e10000 ---p 00000000 00:00 0 
7fdce9e10000-7fdce9f0e000 rw-p 00000000 00:00 0 
7fdce9f0e000-7fdce9f11000 ---p 00000000 00:00 0 
7fdce9f11000-7fdcea00f000 rw-p 00000000 00:00 0 
7fdcea00f000-7fdcea012000 ---p 00000000 00:00 0 
7fdcea012000-7fdcea110000 rw-p 00000000 00:00 0 
7fdcea110000-7fdcea113000 ---p 00000000 00:00 0 
7fdcea113000-7fdcea211000 rw-p 00000000 00:00 0 
7fdcea211000-7fdcea214000 ---p 00000000 00:00 0 
7fdcea214000-7fdcea312000 rw-p 00000000 00:00 0 
7fdcea312000-7fdcea315000 ---p 00000000 00:00 0 
7fdcea315000-7fdcea413000 rw-p 00000000 00:00 0 
7fdcea413000-7fdcea416000 ---p 00000000 00:00 0 
7fdcea416000-7fdcea514000 rw-p 00000000 00:00 0 
7fdcea514000-7fdcea51b000 r--s 00000000 08:01 5769852                    /usr/lib/x86_64-linux-gnu/gconv/gconv-modules.cache
7fdcea51b000-7fdcea51e000 ---p 00000000 00:00 0 
7fdcea51e000-7fdcea61c000 rw-p 00000000 00:00 0 
7fdcea61c000-7fdcea621000 r--s 0009a000 08:01 3022850                    /home/angnima/Documents/software in use/android-studio/jre/jre/lib/jsse.jar
7fdcea621000-7fdcea821000 rw-p 00000000 00:00 0 
7fdcea821000-7fdcea829000 r-xp 00000000 08:01 3022797                    /home/angnima/Documents/software in use/android-studio/jre/jre/lib/amd64/libmanagement.so
7fdcea829000-7fdcea82a000 rw-p 00007000 08:01 3022797                    /home/angnima/Documents/software in use/android-studio/jre/jre/lib/amd64/libmanagement.so
7fdcea82a000-7fdcea82d000 r--s 0000e000 08:01 8654344                    /home/angnima/.gradle/wrapper/dists/gradle-5.1.1-all/97z1ksx6lirer3kbvdnh7jtjg/gradle-5.1.1/lib/plugins/gradle-tooling-api-builders-5.1.1.jar
7fdcea82d000-7fdcea82e000 r--s 00005000 08:01 8654365                    /home/angnima/.gradle/wrapper/dists/gradle-5.1.1-all/97z1ksx6lirer3kbvdnh7jtjg/gradle-5.1.1/lib/plugins/gradle-build-profile-5.1.1.jar
7fdcea82e000-7fdcea830000 r--s 00003000 08:01 8654324                    /home/angnima/.gradle/wrapper/dists/gradle-5.1.1-all/97z1ksx6lirer3kbvdnh7jtjg/gradle-5.1.1/lib/plugins/gradle-tooling-native-5.1.1.jar
7fdcea830000-7fdcea835000 r--s 0001d000 08:01 8654326                    /home/angnima/.gradle/wrapper/dists/gradle-5.1.1-all/97z1ksx6lirer3kbvdnh7jtjg/gradle-5.1.1/lib/plugins/gradle-testing-native-5.1.1.jar
7fdcea835000-7fdcea837000 r--s 0000f000 08:01 8654421                    /home/angnima/.gradle/wrapper/dists/gradle-5.1.1-all/97z1ksx6lirer3kbvdnh7jtjg/gradle-5.1.1/lib/plugins/jcommander-1.72.jar
7fdcea837000-7fdcea840000 r--s 00089000 08:01 8654397                    /home/angnima/.gradle/wrapper/dists/gradle-5.1.1-all/97z1ksx6lirer3kbvdnh7jtjg/gradle-5.1.1/lib/plugins/testng-6.3.1.jar
7fdcea840000-7fdcea845000 r--s 0005a000 08:01 8654401                    /home/angnima/.gradle/wrapper/dists/gradle-5.1.1-all/97z1ksx6lirer3kbvdnh7jtjg/gradle-5.1.1/lib/plugins/bsh-2.0b6.jar
7fdcea845000-7fdcea849000 r--s 0001c000 08:01 8654345                    /home/angnima/.gradle/wrapper/dists/gradle-5.1.1-all/97z1ksx6lirer3kbvdnh7jtjg/gradle-5.1.1/lib/plugins/gradle-testing-jvm-5.1.1.jar
7fdcea849000-7fdcea84c000 r--s 00011000 08:01 8654439                    /home/angnima/.gradle/wrapper/dists/gradle-5.1.1-all/97z1ksx6lirer3kbvdnh7jtjg/gradle-5.1.1/lib/plugins/junit-platform-commons-1.3.1.jar
7fdcea84c000-7fdcea84d000 r--s 00001000 08:01 8654441                    /home/angnima/.gradle/wrapper/dists/gradle-5.1.1-all/97z1ksx6lirer3kbvdnh7jtjg/gradle-5.1.1/lib/plugins/opentest4j-1.1.1.jar
7fdcea84d000-7fdcea851000 r--s 0001d000 08:01 8654438                    /home/angnima/.gradle/wrapper/dists/gradle-5.1.1-all/97z1ksx6lirer3kbvdnh7jtjg/gradle-5.1.1/lib/plugins/junit-platform-engine-1.3.1.jar
7fdcea851000-7fdcea852000 r--s 00000000 08:01 8654440                    /home/angnima/.gradle/wrapper/dists/gradle-5.1.1-all/97z1ksx6lirer3kbvdnh7jtjg/gradle-5.1.1/lib/plugins/apiguardian-api-1.0.0.jar
7fdcea852000-7fdcea855000 r--s 00015000 08:01 8654402                    /home/angnima/.gradle/wrapper/dists/gradle-5.1.1-all/97z1ksx6lirer3kbvdnh7jtjg/gradle-5.1.1/lib/plugins/junit-platform-launcher-1.3.1.jar
7fdcea855000-7fdcea857000 r--s 00009000 08:01 8654419                    /home/angnima/.gradle/wrapper/dists/gradle-5.1.1-all/97z1ksx6lirer3kbvdnh7jtjg/gradle-5.1.1/lib/plugins/hamcrest-core-1.3.jar
7fdcea857000-7fdcea85f000 r--s 00045000 08:01 8654400                    /home/angnima/.gradle/wrapper/dists/gradle-5.1.1-all/97z1ksx6lirer3kbvdnh7jtjg/gradle-5.1.1/lib/plugins/junit-4.12.jar
7fdcea85f000-7fdcea860000 r--s 00003000 08:01 8654343                    /home/angnima/.gradle/wrapper/dists/gradle-5.1.1-all/97z1ksx6lirer3kbvdnh7jtjg/gradle-5.1.1/lib/plugins/gradle-testing-junit-platform-5.1.1.jar
7fdcea860000-7fdcea868000 r--s 00034000 08:01 8654353                    /home/angnima/.gradle/wrapper/dists/gradle-5.1.1-all/97z1ksx6lirer3kbvdnh7jtjg/gradle-5.1.1/lib/plugins/gradle-testing-base-5.1.1.jar
7fdcea868000-7fdcea870000 r--s 00047000 08:01 8654391                    /home/angnima/.gradle/wrapper/dists/gradle-5.1.1-all/97z1ksx6lirer3kbvdnh7jtjg/gradle-5.1.1/lib/plugins/bcpg-jdk15on-1.60.jar
7fdcea870000-7fdcea872000 r--s 0000e000 08:01 8654323                    /home/angnima/.gradle/wrapper/dists/gradle-5.1.1-all/97z1ksx6lirer3kbvdnh7jtjg/gradle-5.1.1/lib/plugins/gradle-signing-5.1.1.jar
7fdcea872000-7fdcea874000 r--s 00009000 08:01 8654332                    /home/angnima/.gradle/wrapper/dists/gradle-5.1.1-all/97z1ksx6lirer3kbvdnh7jtjg/gradle-5.1.1/lib/plugins/gradle-scala-5.1.1.jar
7fdcea874000-7fdcea875000 r--s 00004000 08:01 8654364                    /home/angnima/.gradle/wrapper/dists/gradle-5.1.1-all/97z1ksx6lirer3kbvdnh7jtjg/gradle-5.1.1/lib/plugins/gradle-resources-sftp-5.1.1.jar
7fdcea875000-7fdcea87e000 r--s 0005b000 08:01 8654368                    /home/angnima/.gradle/wrapper/dists/gradle-5.1.1-all/97z1ksx6lirer3kbvdnh7jtjg/gradle-5.1.1/lib/plugins/aws-java-sdk-kms-1.11.407.jar
7fdcea87e000-7fdcea880000 r--s 00005000 08:01 8654408                    /home/angnima/.gradle/wrapper/dists/gradle-5.1.1-all/97z1ksx6lirer3kbvdnh7jtjg/gradle-5.1.1/lib/plugins/jmespath-java-1.11.407.jar
7fdcea880000-7fdcea893000 r--s 000ca000 08:01 8654367                    /home/angnima/.gradle/wrapper/dists/gradle-5.1.1-all/97z1ksx6lirer3kbvdnh7jtjg/gradle-5.1.1/lib/plugins/aws-java-sdk-s3-1.11.407.jar
7fdcea893000-7fdcea89d000 r--s 00081000 08:01 8654437                    /home/angnima/.gradle/wrapper/dists/gradle-5.1.1-all/97z1ksx6lirer3kbvdnh7jtjg/gradle-5.1.1/lib/plugins/ion-java-1.0.2.jar
7fdcea89d000-7fdcea8b3000 r--s 000ca000 08:01 8654369                    /home/angnima/.gradle/wrapper/dists/gradle-5.1.1-all/97z1ksx6lirer3kbvdnh7jtjg/gradle-5.1.1/lib/plugins/aws-java-sdk-core-1.11.407.jar
7fdcea8b3000-7fdcea8b5000 r--s 00004000 08:01 8654360                    /home/angnima/.gradle/wrapper/dists/gradle-5.1.1-all/97z1ksx6lirer3kbvdnh7jtjg/gradle-5.1.1/lib/plugins/gradle-resources-s3-5.1.1.jar
7fdcea8b5000-7fdcea8c6000 r--s 0008c000 08:01 8654412                    /home/angnima/.gradle/wrapper/dists/gradle-5.1.1-all/97z1ksx6lirer3kbvdnh7jtjg/gradle-5.1.1/lib/plugins/joda-time-2.10.jar
7fdcea8c6000-7fdcea8d9000 r--s 00137000 08:01 8654409                    /home/angnima/.gradle/wrapper/dists/gradle-5.1.1-all/97z1ksx6lirer3kbvdnh7jtjg/gradle-5.1.1/lib/plugins/jackson-databind-2.9.6.jar
7fdcea8d9000-7fdcea8dc000 r--s 0000e000 08:01 8654411                    /home/angnima/.gradle/wrapper/dists/gradle-5.1.1-all/97z1ksx6lirer3kbvdnh7jtjg/gradle-5.1.1/lib/plugins/jackson-annotations-2.9.6.jar
7fdcea8dc000-7fdcea8e1000 r--s 0004b000 08:01 8654410                    /home/angnima/.gradle/wrapper/dists/gradle-5.1.1-all/97z1ksx6lirer3kbvdnh7jtjg/gradle-5.1.1/lib/plugins/jackson-core-2.9.6.jar
7fdcea8e1000-7fdcea8e2000 r--s 00001000 08:01 8654376                    /home/angnima/.gradle/wrapper/dists/gradle-5.1.1-all/97z1ksx6lirer3kbvdnh7jtjg/gradle-5.1.1/lib/plugins/google-http-client-jackson2-1.25.0.jar
7fdcea8e2000-7fdcea8ec000 r--s 00056000 08:01 8654377                    /home/angnima/.gradle/wrapper/dists/gradle-5.1.1-all/97z1ksx6lirer3kbvdnh7jtjg/gradle-5.1.1/lib/plugins/google-http-client-1.25.0.jar
7fdcea8ec000-7fdcea8ef000 r--s 0000d000 08:01 8654375                    /home/angnima/.gradle/wrapper/dists/gradle-5.1.1-all/97z1ksx6lirer3kbvdnh7jtjg/gradle-5.1.1/lib/plugins/google-oauth-client-1.25.0.jar
7fdcea8ef000-7fdcea8f4000 r--s 0002d000 08:01 8654374                    /home/angnima/.gradle/wrapper/dists/gradle-5.1.1-all/97z1ksx6lirer3kbvdnh7jtjg/gradle-5.1.1/lib/plugins/google-api-client-1.25.0.jar
7fdcea8f4000-7fdcea8f8000 r--s 0001d000 08:01 8654373                    /home/angnima/.gradle/wrapper/dists/gradle-5.1.1-all/97z1ksx6lirer3kbvdnh7jtjg/gradle-5.1.1/lib/plugins/google-api-services-storage-v1-rev136-1.25.0.jar
7fdcea8f8000-7fdcea8fa000 r--s 00003000 08:01 8654361                    /home/angnima/.gradle/wrapper/dists/gradle-5.1.1-all/97z1ksx6lirer3kbvdnh7jtjg/gradle-5.1.1/lib/plugins/gradle-resources-gcs-5.1.1.jar
7fdcea8fa000-7fdcea8fc000 r--s 00010000 08:01 8654359                    /home/angnima/.gradle/wrapper/dists/gradle-5.1.1-all/97z1ksx6lirer3kbvdnh7jtjg/gradle-5.1.1/lib/plugins/gradle-reporting-5.1.1.jar
7fdcea8fc000-7fdcea8fe000 r--s 00007000 08:01 8654352                    /home/angnima/.gradle/wrapper/dists/gradle-5.1.1-all/97z1ksx6lirer3kbvdnh7jtjg/gradle-5.1.1/lib/plugins/gradle-publish-5.1.1.jar
7fdcea8fe000-7fdcea900000 r--s 0000c000 08:01 8654381                    /home/angnima/.gradle/wrapper/dists/gradle-5.1.1-all/97z1ksx6lirer3kbvdnh7jtjg/gradle-5.1.1/lib/plugins/commons-cli-1.4.jar
7fdcea900000-7fdcea907000 r--s 0003e000 08:01 8654340                    /home/angnima/.gradle/wrapper/dists/gradle-5.1.1-all/97z1ksx6lirer3kbvdnh7jtjg/gradle-5.1.1/lib/plugins/gradle-plugins-5.1.1.jar
7fdcea907000-7fdcea909000 r--s 0000c000 08:01 8654328                    /home/angnima/.gradle/wrapper/dists/gradle-5.1.1-all/97z1ksx6lirer3kbvdnh7jtjg/gradle-5.1.1/lib/plugins/gradle-plugin-development-5.1.1.jar
7fdcea909000-7fdcea90f000 r--s 00030000 08:01 8654335                    /home/angnima/.gradle/wrapper/dists/gradle-5.1.1-all/97z1ksx6lirer3kbvdnh7jtjg/gradle-5.1.1/lib/plugins/gradle-platform-play-5.1.1.jar
7fdcea90f000-7fdcea915000 r--s 0003d000 08:01 8654398                    /home/angnima/.gradle/wrapper/dists/gradle-5.1.1-all/97z1ksx6lirer3kbvdnh7jtjg/gradle-5.1.1/lib/plugins/snakeyaml-1.17.jar
7fdcea915000-7fdcea926000 r--s 00076000 08:01 8654350                    /home/angnima/.gradle/wrapper/dists/gradle-5.1.1-all/97z1ksx6lirer3kbvdnh7jtjg/gradle-5.1.1/lib/plugins/gradle-platform-native-5.1.1.jar
7fdcea926000-7fdcea92a000 r--s 0001b000 08:01 8654349                    /home/angnima/.gradle/wrapper/dists/gradle-5.1.1-all/97z1ksx6lirer3kbvdnh7jtjg/gradle-5.1.1/lib/plugins/gradle-platform-jvm-5.1.1.jar
7fdcea92a000-7fdcea931000 r--s 00029000 08:01 8654354                    /home/angnima/.gradle/wrapper/dists/gradle-5.1.1-all/97z1ksx6lirer3kbvdnh7jtjg/gradle-5.1.1/lib/plugins/gradle-platform-base-5.1.1.jar
7fdcea931000-7fdcea95e000 r--s 0025e000 08:01 8654382                    /home/angnima/.gradle/wrapper/dists/gradle-5.1.1-all/97z1ksx6lirer3kbvdnh7jtjg/gradle-5.1.1/lib/plugins/biz.aQute.bndlib-4.0.0.jar
7fdcea95e000-7fdcea95f000 r--s 00004000 08:01 8654322                    /home/angnima/.gradle/wrapper/dists/gradle-5.1.1-all/97z1ksx6lirer3kbvdnh7jtjg/gradle-5.1.1/lib/plugins/gradle-osgi-5.1.1.jar
7fdcea95f000-7fdcea962000 r--s 0000c000 08:01 8654387                    /home/angnima/.gradle/wrapper/dists/gradle-5.1.1-all/97z1ksx6lirer3kbvdnh7jtjg/gradle-5.1.1/lib/plugins/pmaven-groovy-0.8-20100325.jar
7fdcea962000-7fdcea963000 r--s 00004000 08:01 8654386                    /home/angnima/.gradle/wrapper/dists/gradle-5.1.1-all/97z1ksx6lirer3kbvdnh7jtjg/gradle-5.1.1/lib/plugins/pmaven-common-0.8-20100325.jar
7fdcea963000-7fdcea964000 r--s 00008000 08:01 8654372                    /home/angnima/.gradle/wrapper/dists/gradle-5.1.1-all/97z1ksx6lirer3kbvdnh7jtjg/gradle-5.1.1/lib/plugins/wagon-http-shared-3.0.0.jar
7fdcea964000-7fdcea965000 r--s 00002000 08:01 8654371                    /home/angnima/.gradle/wrapper/dists/gradle-5.1.1-all/97z1ksx6lirer3kbvdnh7jtjg/gradle-5.1.1/lib/plugins/wagon-http-3.0.0.jar
7fdcea965000-7fdcea966000 r--s 00002000 08:01 8654388                    /home/angnima/.gradle/wrapper/dists/gradle-5.1.1-all/97z1ksx6lirer3kbvdnh7jtjg/gradle-5.1.1/lib/plugins/wagon-file-3.0.0.jar
7fdcea966000-7fdcea968000 r--s 00006000 08:01 8654390                    /home/angnima/.gradle/wrapper/dists/gradle-5.1.1-all/97z1ksx6lirer3kbvdnh7jtjg/gradle-5.1.1/lib/plugins/aether-connector-wagon-1.13.1.jar
7fdcea968000-7fdcea96e000 r--s 0002e000 08:01 8654329                    /home/angnima/.gradle/wrapper/dists/gradle-5.1.1-all/97z1ksx6lirer3kbvdnh7jtjg/gradle-5.1.1/lib/plugins/gradle-maven-5.1.1.jar
7fdcea96e000-7fdcea971000 r--s 0000b000 08:01 8654342                    /home/angnima/.gradle/wrapper/dists/gradle-5.1.1-all/97z1ksx6lirer3kbvdnh7jtjg/gradle-5.1.1/lib/plugins/gradle-language-scala-5.1.1.jar
7fdcea971000-7fdcea97d000 r--s 00059000 08:01 8654327                    /home/angnima/.gradle/wrapper/dists/gradle-5.1.1-all/97z1ksx6lirer3kbvdnh7jtjg/gradle-5.1.1/lib/plugins/gradle-language-native-5.1.1.jar
7fdcea97d000-7fdcea980000 r--s 00004000 08:01 8654348                    /home/angnima/.gradle/wrapper/dists/gradle-5.1.1-all/97z1ksx6lirer3kbvdnh7jtjg/gradle-5.1.1/lib/plugins/gradle-language-jvm-5.1.1.jar
7fdcea980000-7fdcea989000 r--s 00040000 08:01 8654346                    /home/angnima/.gradle/wrapper/dists/gradle-5.1.1-all/97z1ksx6lirer3kbvdnh7jtjg/gradle-5.1.1/lib/plugins/gradle-language-java-5.1.1.jar
7fdcea989000-7fdcea98b000 r--s 0000b000 08:01 8654341                    /home/angnima/.gradle/wrapper/dists/gradle-5.1.1-all/97z1ksx6lirer3kbvdnh7jtjg/gradle-5.1.1/lib/plugins/gradle-language-groovy-5.1.1.jar
7fdcea98b000-7fdcea992000 r--s 00035000 08:01 8654394                    /home/angnima/.gradle/wrapper/dists/gradle-5.1.1-all/97z1ksx6lirer3kbvdnh7jtjg/gradle-5.1.1/lib/plugins/simple-4.1.21.jar
7fdcea992000-7fdcea99f000 r--s 00125000 08:01 8654392                    /home/angnima/.gradle/wrapper/dists/gradle-5.1.1-all/97z1ksx6lirer3kbvdnh7jtjg/gradle-5.1.1/lib/plugins/rhino-1.7.10.jar
7fdcea99f000-7fdcea9a3000 r--s 00012000 08:01 8654336                    /home/angnima/.gradle/wrapper/dists/gradle-5.1.1-all/97z1ksx6lirer3kbvdnh7jtjg/gradle-5.1.1/lib/plugins/gradle-javascript-5.1.1.jar
7fdcea9a3000-7fdcea9a6000 r--s 00011000 08:01 8654338                    /home/angnima/.gradle/wrapper/dists/gradle-5.1.1-all/97z1ksx6lirer3kbvdnh7jtjg/gradle-5.1.1/lib/plugins/gradle-jacoco-5.1.1.jar
7fdcea9a6000-7fdcea9a9000 r--s 00013000 08:01 8654337                    /home/angnima/.gradle/wrapper/dists/gradle-5.1.1-all/97z1ksx6lirer3kbvdnh7jtjg/gradle-5.1.1/lib/plugins/gradle-ivy-5.1.1.jar
7fdcea9a9000-7fdcea9aa000 r--s 00002000 08:01 8654330                    /home/angnima/.gradle/wrapper/dists/gradle-5.1.1-all/97z1ksx6lirer3kbvdnh7jtjg/gradle-5.1.1/lib/plugins/gradle-ide-play-5.1.1.jar
7fdcea9aa000-7fdcea9ac000 r--s 00011000 08:01 8654399                    /home/angnima/.gradle/wrapper/dists/gradle-5.1.1-all/97z1ksx6lirer3kbvdnh7jtjg/gradle-5.1.1/lib/plugins/dd-plist-1.21.jar
7fdcea9ac000-7fdcea9b3000 r--s 00033000 08:01 8654325                    /home/angnima/.gradle/wrapper/dists/gradle-5.1.1-all/97z1ksx6lirer3kbvdnh7jtjg/gradle-5.1.1/lib/plugins/gradle-ide-native-5.1.1.jar
7fdcea9b3000-7fdcea9bd000 r--s 0005e000 08:01 8654331                    /home/angnima/.gradle/wrapper/dists/gradle-5.1.1-all/97z1ksx6lirer3kbvdnh7jtjg/gradle-5.1.1/lib/plugins/gradle-ide-5.1.1.jar
7fdcea9bd000-7fdcea9bf000 r--s 00008000 08:01 8654334                    /home/angnima/.gradle/wrapper/dists/gradle-5.1.1-all/97z1ksx6lirer3kbvdnh7jtjg/gradle-5.1.1/lib/plugins/gradle-ear-5.1.1.jar
7fdcea9bf000-7fdcea9c1000 r--s 00006000 08:01 8654395                    /home/angnima/.gradle/wrapper/dists/gradle-5.1.1-all/97z1ksx6lirer3kbvdnh7jtjg/gradle-5.1.1/lib/plugins/jatl-0.2.3.jar
7fdcea9c1000-7fdcea9c8000 r--s 0003d000 08:01 8654351                    /home/angnima/.gradle/wrapper/dists/gradle-5.1.1-all/97z1ksx6lirer3kbvdnh7jtjg/gradle-5.1.1/lib/plugins/gradle-diagnostics-5.1.1.jar
7fdcea9c8000-7fdcea9cd000 r--s 00028000 08:01 8654321                    /home/angnima/.gradle/wrapper/dists/gradle-5.1.1-all/97z1ksx6lirer3kbvdnh7jtjg/gradle-5.1.1/lib/plugins/gradle-code-quality-5.1.1.jar
7fdcea9cd000-7fdcea9cf000 r--s 0000b000 08:01 8654396                    /home/angnima/.gradle/wrapper/dists/gradle-5.1.1-all/97z1ksx6lirer3kbvdnh7jtjg/gradle-5.1.1/lib/plugins/maven-plugin-api-3.0.4.jar
7fdcea9cf000-7fdcea9d1000 r--s 0000c000 08:01 8654434                    /home/angnima/.gradle/wrapper/dists/gradle-5.1.1-all/97z1ksx6lirer3kbvdnh7jtjg/gradle-5.1.1/lib/plugins/wagon-provider-api-3.0.0.jar
7fdcea9d1000-7fdcea9d7000 r--s 0003f000 08:01 8654384                    /home/angnima/.gradle/wrapper/dists/gradle-5.1.1-all/97z1ksx6lirer3kbvdnh7jtjg/gradle-5.1.1/lib/plugins/maven-compat-3.0.4.jar
7fdcea9d7000-7fdcea9da000 r--s 0000a000 08:01 8654431                    /home/angnima/.gradle/wrapper/dists/gradle-5.1.1-all/97z1ksx6lirer3kbvdnh7jtjg/gradle-5.1.1/lib/plugins/plexus-classworlds-2.5.1.jar
7fdcea9da000-7fdcea9de000 r--s 00021000 08:01 8654436                    /home/angnima/.gradle/wrapper/dists/gradle-5.1.1-all/97z1ksx6lirer3kbvdnh7jtjg/gradle-5.1.1/lib/plugins/xbean-reflect-3.7.jar
7fdcea9de000-7fdcea9e5000 r--s 00032000 08:01 8654389                    /home/angnima/.gradle/wrapper/dists/gradle-5.1.1-all/97z1ksx6lirer3kbvdnh7jtjg/gradle-5.1.1/lib/plugins/plexus-container-default-1.7.1.jar
7fdcea9e5000-7fdcea9eb000 r--s 0002e000 08:01 8654339                    /home/angnima/.gradle/wrapper/dists/gradle-5.1.1-all/97z1ksx6lirer3kbvdnh7jtjg/gradle-5.1.1/lib/plugins/gradle-build-init-5.1.1.jar
7fdcea9eb000-7fdcea9f1000 r--s 0002e000 08:01 8654333                    /home/angnima/.gradle/wrapper/dists/gradle-5.1.1-all/97z1ksx6lirer3kbvdnh7jtjg/gradle-5.1.1/lib/plugins/gradle-build-comparison-5.1.1.jar
7fdcea9f1000-7fdcea9f2000 r--s 00002000 08:01 8654362                    /home/angnima/.gradle/wrapper/dists/gradle-5.1.1-all/97z1ksx6lirer3kbvdnh7jtjg/gradle-5.1.1/lib/plugins/gradle-build-cache-http-5.1.1.jar
7fdcea9f2000-7fdcea9f4000 r--s 00009000 08:01 8654320                    /home/angnima/.gradle/wrapper/dists/gradle-5.1.1-all/97z1ksx6lirer3kbvdnh7jtjg/gradle-5.1.1/lib/plugins/gradle-antlr-5.1.1.jar
7fdcea9f4000-7fdcea9f5000 r--s 00005000 08:01 8654319                    /home/angnima/.gradle/wrapper/dists/gradle-5.1.1-all/97z1ksx6lirer3kbvdnh7jtjg/gradle-5.1.1/lib/plugins/gradle-announce-5.1.1.jar
7fdcea9f5000-7fdcea9f8000 r--s 00016000 08:01 8654240                    /home/angnima/.gradle/wrapper/dists/gradle-5.1.1-all/97z1ksx6lirer3kbvdnh7jtjg/gradle-5.1.1/lib/gradle-kotlin-dsl-tooling-builders-1.1.1.jar
7fdcea9f8000-7fdcea9fa000 r--s 00006000 08:01 8654239                    /home/angnima/.gradle/wrapper/dists/gradle-5.1.1-all/97z1ksx6lirer3kbvdnh7jtjg/gradle-5.1.1/lib/gradle-kotlin-dsl-provider-plugins-1.1.1.jar
7fdcea9fa000-7fdcea9fb000 r--s 00000000 08:01 8654253                    /home/angnima/.gradle/wrapper/dists/gradle-5.1.1-all/97z1ksx6lirer3kbvdnh7jtjg/gradle-5.1.1/lib/gradle-runtime-api-info-5.1.1.jar
7fdcea9fb000-7fdceaa00000 r--s 00040000 08:01 8654406                    /home/angnima/.gradle/wrapper/dists/gradle-5.1.1-all/97z1ksx6lirer3kbvdnh7jtjg/gradle-5.1.1/lib/plugins/jsch-0.1.54.jar
7fdceaa00000-7fdceaa02000 r--s 00010000 08:01 8654422                    /home/angnima/.gradle/wrapper/dists/gradle-5.1.1-all/97z1ksx6lirer3kbvdnh7jtjg/gradle-5.1.1/lib/plugins/jzlib-1.1.3.jar
7fdceaa02000-7fdceaa27000 r--s 00265000 08:01 8654370                    /home/angnima/.gradle/wrapper/dists/gradle-5.1.1-all/97z1ksx6lirer3kbvdnh7jtjg/gradle-5.1.1/lib/plugins/org.eclipse.jgit-5.0.3.201809091024-r.jar
7fdceaa27000-7fdceaa29000 r--s 0000c000 08:01 8654356                    /home/angnima/.gradle/wrapper/dists/gradle-5.1.1-all/97z1ksx6lirer3kbvdnh7jtjg/gradle-5.1.1/lib/plugins/gradle-version-control-5.1.1.jar
7fdceaa29000-7fdceaa42000 r--s 0013a000 08:01 8654405                    /home/angnima/.gradle/wrapper/dists/gradle-5.1.1-all/97z1ksx6lirer3kbvdnh7jtjg/gradle-5.1.1/lib/plugins/xercesImpl-2.12.0.jar
7fdceaa42000-7fdceaa44000 r--s 0001d000 08:01 8654404                    /home/angnima/.gradle/wrapper/dists/gradle-5.1.1-all/97z1ksx6lirer3kbvdnh7jtjg/gradle-5.1.1/lib/plugins/nekohtml-1.9.22.jar
7fdceaa44000-7fdceaa4a000 r--s 0005b000 08:01 8654403                    /home/angnima/.gradle/wrapper/dists/gradle-5.1.1-all/97z1ksx6lirer3kbvdnh7jtjg/gradle-5.1.1/lib/plugins/jcifs-1.3.17.jar
7fdceaa4a000-7fdceaa51000 r--s 0004b000 08:01 8654379                    /home/angnima/.gradle/wrapper/dists/gradle-5.1.1-all/97z1ksx6lirer3kbvdnh7jtjg/gradle-5.1.1/lib/plugins/commons-codec-1.11.jar
7fdceaa51000-7fdceaa58000 r--s 00049000 08:01 8654420                    /home/angnima/.gradle/wrapper/dists/gradle-5.1.1-all/97z1ksx6lirer3kbvdnh7jtjg/gradle-5.1.1/lib/plugins/httpcore-4.4.10.jar
7fdceaa58000-7fdceaa65000 r--s 000af000 08:01 8654378                    /home/angnima/.gradle/wrapper/dists/gradle-5.1.1-all/97z1ksx6lirer3kbvdnh7jtjg/gradle-5.1.1/lib/plugins/httpclient-4.5.6.jar
7fdceaa65000-7fdceaa67000 r--s 0000e000 08:01 8654363                    /home/angnima/.gradle/wrapper/dists/gradle-5.1.1-all/97z1ksx6lirer3kbvdnh7jtjg/gradle-5.1.1/lib/plugins/gradle-resources-http-5.1.1.jar
7fdceaa67000-7fdceaa6a000 r--s 0000c000 08:01 8654355                    /home/angnima/.gradle/wrapper/dists/gradle-5.1.1-all/97z1ksx6lirer3kbvdnh7jtjg/gradle-5.1.1/lib/plugins/gradle-plugin-use-5.1.1.jar
7fdceaa6a000-7fdceaa6d000 r--s 0000d000 08:01 8654358                    /home/angnima/.gradle/wrapper/dists/gradle-5.1.1-all/97z1ksx6lirer3kbvdnh7jtjg/gradle-5.1.1/lib/plugins/gradle-composite-builds-5.1.1.jar
7fdceaa6d000-7fdceaa6e000 r--s 00000000 08:01 8654256                    /home/angnima/.gradle/wrapper/dists/gradle-5.1.1-all/97z1ksx6lirer3kbvdnh7jtjg/gradle-5.1.1/lib/gradle-installation-beacon-5.1.1.jar
7fdceaa6e000-7fdceaa70000 r--s 00006000 08:01 8654426                    /home/angnima/.gradle/wrapper/dists/gradle-5.1.1-all/97z1ksx6lirer3kbvdnh7jtjg/gradle-5.1.1/lib/plugins/maven-repository-metadata-3.0.4.jar
7fdceaa70000-7fdceaa72000 r--s 0000c000 08:01 8654414                    /home/angnima/.gradle/wrapper/dists/gradle-5.1.1-all/97z1ksx6lirer3kbvdnh7jtjg/gradle-5.1.1/lib/plugins/maven-aether-provider-3.0.4.jar
7fdceaa72000-7fdceaa73000 r--s 00003000 08:01 8654416                    /home/angnima/.gradle/wrapper/dists/gradle-5.1.1-all/97z1ksx6lirer3kbvdnh7jtjg/gradle-5.1.1/lib/plugins/aether-spi-1.13.1.jar
7fdceaa73000-7fdceaa76000 r--s 0001d000 08:01 8654415                    /home/angnima/.gradle/wrapper/dists/gradle-5.1.1-all/97z1ksx6lirer3kbvdnh7jtjg/gradle-5.1.1/lib/plugins/aether-impl-1.13.1.jar
7fdceaa76000-7fdceaa7a000 r--s 0001c000 08:01 8654417                    /home/angnima/.gradle/wrapper/dists/gradle-5.1.1-all/97z1ksx6lirer3kbvdnh7jtjg/gradle-5.1.1/lib/plugins/aether-util-1.13.1.jar
7fdceaa7a000-7fdceaa7d000 r--s 00013000 08:01 8654418                    /home/angnima/.gradle/wrapper/dists/gradle-5.1.1-all/97z1ksx6lirer3kbvdnh7jtjg/gradle-5.1.1/lib/plugins/aether-api-1.13.1.jar
7fdceaa7d000-7fdceaa7f000 r--s 0000b000 08:01 8654423                    /home/angnima/.gradle/wrapper/dists/gradle-5.1.1-all/97z1ksx6lirer3kbvdnh7jtjg/gradle-5.1.1/lib/plugins/maven-artifact-3.0.4.jar
7fdceaa7f000-7fdceaa83000 r--s 00021000 08:01 8654424                    /home/angnima/.gradle/wrapper/dists/gradle-5.1.1-all/97z1ksx6lirer3kbvdnh7jtjg/gradle-5.1.1/lib/plugins/maven-model-builder-3.0.4.jar
7fdceaa83000-7fdceaa85000 r--s 00026000 08:01 8654425                    /home/angnima/.gradle/wrapper/dists/gradle-5.1.1-all/97z1ksx6lirer3kbvdnh7jtjg/gradle-5.1.1/lib/plugins/maven-model-3.0.4.jar
7fdceaa85000-7fdceaa87000 r--s 0000a000 08:01 8654428                    /home/angnima/.gradle/wrapper/dists/gradle-5.1.1-all/97z1ksx6lirer3kbvdnh7jtjg/gradle-5.1.1/lib/plugins/maven-settings-3.0.4.jar
7fdceaa87000-7fdceaa89000 r--s 00002000 08:01 8654430                    /home/angnima/.gradle/wrapper/dists/gradle-5.1.1-all/97z1ksx6lirer3kbvdnh7jtjg/gradle-5.1.1/lib/plugins/plexus-cipher-1.7.jar
7fdceaa89000-7fdceaa8a000 r--s 00006000 08:01 8654429                    /home/angnima/.gradle/wrapper/dists/gradle-5.1.1-all/97z1ksx6lirer3kbvdnh7jtjg/gradle-5.1.1/lib/plugins/plexus-sec-dispatcher-1.3.jar
7fdceaa8a000-7fdceaa8c000 r--s 00000000 08:01 8654432                    /home/angnima/.gradle/wrapper/dists/gradle-5.1.1-all/97z1ksx6lirer3kbvdnh7jtjg/gradle-5.1.1/lib/plugins/plexus-component-annotations-1.5.5.jar
7fdceaa8c000-7fdceaa8e000 r--s 0000d000 08:01 8654433                    /home/angnima/.gradle/wrapper/dists/gradle-5.1.1-all/97z1ksx6lirer3kbvdnh7jtjg/gradle-5.1.1/lib/plugins/plexus-interpolation-1.14.jar
7fdceaa8e000-7fdceaa92000 r--s 0003c000 08:01 8654435                    /home/angnima/.gradle/wrapper/dists/gradle-5.1.1-all/97z1ksx6lirer3kbvdnh7jtjg/gradle-5.1.1/lib/plugins/plexus-utils-3.1.0.jar
7fdceaa92000-7fdceaa95000 r--s 00008000 08:01 8654427                    /home/angnima/.gradle/wrapper/dists/gradle-5.1.1-all/97z1ksx6lirer3kbvdnh7jtjg/gradle-5.1.1/lib/plugins/maven-settings-builder-3.0.4.jar
7fdceaa95000-7fdceaaa1000 r--s 0007d000 08:01 8654385                    /home/angnima/.gradle/wrapper/dists/gradle-5.1.1-all/97z1ksx6lirer3kbvdnh7jtjg/gradle-5.1.1/lib/plugins/maven-core-3.0.4.jar
7fdceaaa1000-7fdceaaf9000 r--s 003a7000 08:01 8654413                    /home/angnima/.gradle/wrapper/dists/gradle-5.1.1-all/97z1ksx6lirer3kbvdnh7jtjg/gradle-5.1.1/lib/plugins/bcprov-jdk15on-1.60.jar
7fdceaaf9000-7fdceab2b000 r--s 001a9000 08:01 8654357                    /home/angnima/.gradle/wrapper/dists/gradle-5.1.1-all/97z1ksx6lirer3kbvdnh7jtjg/gradle-5.1.1/lib/plugins/gradle-dependency-management-5.1.1.jar
7fdceab2b000-7fdceab42000 r-xp 00000000 08:01 4592533                    /lib/x86_64-linux-gnu/libgcc_s.so.1
7fdceab42000-7fdcead41000 ---p 00017000 08:01 4592533                    /lib/x86_64-linux-gnu/libgcc_s.so.1
7fdcead41000-7fdcead42000 r--p 00016000 08:01 4592533                    /lib/x86_64-linux-gnu/libgcc_s.so.1
7fdcead42000-7fdcead43000 rw-p 00017000 08:01 4592533                    /lib/x86_64-linux-gnu/libgcc_s.so.1
7fdcead43000-7fdceaebc000 r-xp 00000000 08:01 5513981                    /usr/lib/x86_64-linux-gnu/libstdc++.so.6.0.25
7fdceaebc000-7fdceb0bc000 ---p 00179000 08:01 5513981                    /usr/lib/x86_64-linux-gnu/libstdc++.so.6.0.25
7fdceb0bc000-7fdceb0c6000 r--p 00179000 08:01 5513981                    /usr/lib/x86_64-linux-gnu/libstdc++.so.6.0.25
7fdceb0c6000-7fdceb0c8000 rw-p 00183000 08:01 5513981                    /usr/lib/x86_64-linux-gnu/libstdc++.so.6.0.25
7fdceb0c8000-7fdceb0cc000 rw-p 00000000 00:00 0 
7fdceb0cc000-7fdceb0e1000 r--s 00116000 08:01 8654383                    /home/angnima/.gradle/wrapper/dists/gradle-5.1.1-all/97z1ksx6lirer3kbvdnh7jtjg/gradle-5.1.1/lib/plugins/ivy-2.3.0.jar
7fdceb0e1000-7fdceb0e6000 r--s 00036000 08:01 8654393                    /home/angnima/.gradle/wrapper/dists/gradle-5.1.1-all/97z1ksx6lirer3kbvdnh7jtjg/gradle-5.1.1/lib/plugins/gson-2.8.5.jar
7fdceb0e6000-7fdceb0e7000 r--s 00013000 08:01 8654380                    /home/angnima/.gradle/wrapper/dists/gradle-5.1.1-all/97z1ksx6lirer3kbvdnh7jtjg/gradle-5.1.1/lib/plugins/asm-util-7.0.jar
7fdceb0e7000-7fdceb0e9000 r--s 0000f000 08:01 8654366                    /home/angnima/.gradle/wrapper/dists/gradle-5.1.1-all/97z1ksx6lirer3kbvdnh7jtjg/gradle-5.1.1/lib/plugins/gradle-workers-5.1.1.jar
7fdceb0e9000-7fdceb0ee000 r-xp 00000000 08:01 1708179                    /home/angnima/.gradle/native/25/linux-amd64/libnative-platform.so
7fdceb0ee000-7fdceb2ed000 ---p 00005000 08:01 1708179                    /home/angnima/.gradle/native/25/linux-amd64/libnative-platform.so
7fdceb2ed000-7fdceb2ee000 rw-p 00004000 08:01 1708179                    /home/angnima/.gradle/native/25/linux-amd64/libnative-platform.so
7fdceb2ee000-7fdceb2fe000 r-xp 00000000 08:01 3022821                    /home/angnima/Documents/software in use/android-studio/jre/jre/lib/amd64/libnio.so
7fdceb2fe000-7fdceb2ff000 rw-p 00010000 08:01 3022821                    /home/angnima/Documents/software in use/android-studio/jre/jre/lib/amd64/libnio.so
7fdceb2ff000-7fdceb315000 r-xp 00000000 08:01 3022830                    /home/angnima/Documents/software in use/android-studio/jre/jre/lib/amd64/libnet.so
7fdceb315000-7fdceb316000 rw-p 00016000 08:01 3022830                    /home/angnima/Documents/software in use/android-studio/jre/jre/lib/amd64/libnet.so
7fdceb316000-7fdceb317000 r--s 00006000 08:01 8654255                    /home/angnima/.gradle/wrapper/dists/gradle-5.1.1-all/97z1ksx6lirer3kbvdnh7jtjg/gradle-5.1.1/lib/gradle-wrapper-5.1.1.jar
7fdceb317000-7fdceb326000 r--s 0004b000 08:01 8654254                    /home/angnima/.gradle/wrapper/dists/gradle-5.1.1-all/97z1ksx6lirer3kbvdnh7jtjg/gradle-5.1.1/lib/gradle-tooling-api-5.1.1.jar
7fdceb326000-7fdceb335000 r--s 00231000 08:01 8654250                    /home/angnima/.gradle/wrapper/dists/gradle-5.1.1-all/97z1ksx6lirer3kbvdnh7jtjg/gradle-5.1.1/lib/kotlinx-metadata-jvm-0.0.4.jar
7fdceb335000-7fdceb337000 r--s 00002000 08:01 8654249                    /home/angnima/.gradle/wrapper/dists/gradle-5.1.1-all/97z1ksx6lirer3kbvdnh7jtjg/gradle-5.1.1/lib/kotlin-stdlib-jdk8-1.3.11.jar
7fdceb337000-7fdceb338000 r--s 00000000 08:01 8654248                    /home/angnima/.gradle/wrapper/dists/gradle-5.1.1-all/97z1ksx6lirer3kbvdnh7jtjg/gradle-5.1.1/lib/kotlin-stdlib-jdk7-1.3.11.jar
7fdceb338000-7fdceb34b000 r--s 0010e000 08:01 8654246                    /home/angnima/.gradle/wrapper/dists/gradle-5.1.1-all/97z1ksx6lirer3kbvdnh7jtjg/gradle-5.1.1/lib/kotlin-stdlib-1.3.11.jar
7fdceb34b000-7fdceb381000 r--s 00250000 08:01 8654243                    /home/angnima/.gradle/wrapper/dists/gradle-5.1.1-all/97z1ksx6lirer3kbvdnh7jtjg/gradle-5.1.1/lib/kotlin-reflect-1.3.11.jar
7fdceb381000-7fdceb55a000 r--s 01b06000 08:01 8654242                    /home/angnima/.gradle/wrapper/dists/gradle-5.1.1-all/97z1ksx6lirer3kbvdnh7jtjg/gradle-5.1.1/lib/kotlin-compiler-embeddable-1.3.11.jar
7fdceb55a000-7fdceb5df000 r--s 007a7000 08:01 8654292                    /home/angnima/.gradle/wrapper/dists/gradle-5.1.1-all/97z1ksx6lirer3kbvdnh7jtjg/gradle-5.1.1/lib/groovy-all-1.0-2.5.4.jar
7fdceb5df000-7fdcec000000 r--p 00000000 08:01 5511854                    /usr/lib/locale/locale-archive
7fdcec000000-7fdcec2c7000 rw-p 00000000 00:00 0 
7fdcec2c7000-7fdcf0000000 ---p 00000000 00:00 0 
7fdcf0000000-7fdcf0021000 rw-p 00000000 00:00 0 
7fdcf0021000-7fdcf4000000 ---p 00000000 00:00 0 
7fdcf4000000-7fdcf4021000 rw-p 00000000 00:00 0 
7fdcf4021000-7fdcf8000000 ---p 00000000 00:00 0 
7fdcf8000000-7fdcf8021000 rw-p 00000000 00:00 0 
7fdcf8021000-7fdcfc000000 ---p 00000000 00:00 0 
7fdcfc000000-7fdcfc021000 rw-p 00000000 00:00 0 
7fdcfc021000-7fdd00000000 ---p 00000000 00:00 0 
7fdd00000000-7fdd00007000 r--s 0001e000 08:01 8654247                    /home/angnima/.gradle/wrapper/dists/gradle-5.1.1-all/97z1ksx6lirer3kbvdnh7jtjg/gradle-5.1.1/lib/kotlin-stdlib-common-1.3.11.jar
7fdd00007000-7fdd00009000 r--s 00009000 08:01 8654245                    /home/angnima/.gradle/wrapper/dists/gradle-5.1.1-all/97z1ksx6lirer3kbvdnh7jtjg/gradle-5.1.1/lib/kotlin-script-runtime-1.3.11.jar
7fdd00009000-7fdd0000a000 r--s 00002000 08:01 8654244                    /home/angnima/.gradle/wrapper/dists/gradle-5.1.1-all/97z1ksx6lirer3kbvdnh7jtjg/gradle-5.1.1/lib/kotlin-sam-with-receiver-compiler-plugin-1.3.11.jar
7fdd0000a000-7fdd0000b000 r--s 00001000 08:01 8654241                    /home/angnima/.gradle/wrapper/dists/gradle-5.1.1-all/97z1ksx6lirer3kbvdnh7jtjg/gradle-5.1.1/lib/gradle-kotlin-dsl-tooling-models-1.1.1.jar
7fdd0000b000-7fdd0000d000 r--s 00003000 08:01 8654237                    /home/angnima/.gradle/wrapper/dists/gradle-5.1.1-all/97z1ksx6lirer3kbvdnh7jtjg/gradle-5.1.1/lib/annotations-13.0.jar
7fdd0000d000-7fdd00027000 r--s 0014e000 08:01 8654238                    /home/angnima/.gradle/wrapper/dists/gradle-5.1.1-all/97z1ksx6lirer3kbvdnh7jtjg/gradle-5.1.1/lib/gradle-kotlin-dsl-1.1.1.jar
7fdd00027000-7fdd00029000 r--s 00007000 08:01 8654260                    /home/angnima/.gradle/wrapper/dists/gradle-5.1.1-all/97z1ksx6lirer3kbvdnh7jtjg/gradle-5.1.1/lib/gradle-build-cache-packaging-5.1.1.jar
7fdd00029000-7fdd0002c000 r--s 00010000 08:01 8654259                    /home/angnima/.gradle/wrapper/dists/gradle-5.1.1-all/97z1ksx6lirer3kbvdnh7jtjg/gradle-5.1.1/lib/gradle-execution-5.1.1.jar
7fdd0002c000-7fdd00030000 r--s 0001a000 08:01 8654262                    /home/angnima/.gradle/wrapper/dists/gradle-5.1.1-all/97z1ksx6lirer3kbvdnh7jtjg/gradle-5.1.1/lib/gradle-files-5.1.1.jar
7fdd00030000-7fdd00035000 r--s 00022000 08:01 8654261                    /home/angnima/.gradle/wrapper/dists/gradle-5.1.1-all/97z1ksx6lirer3kbvdnh7jtjg/gradle-5.1.1/lib/gradle-snapshots-5.1.1.jar
7fdd00035000-7fdd00036000 r--s 00003000 08:01 8654275                    /home/angnima/.gradle/wrapper/dists/gradle-5.1.1-all/97z1ksx6lirer3kbvdnh7jtjg/gradle-5.1.1/lib/gradle-build-option-5.1.1.jar
7fdd00036000-7fdd00038000 r--s 00005000 08:01 8654276                    /home/angnima/.gradle/wrapper/dists/gradle-5.1.1-all/97z1ksx6lirer3kbvdnh7jtjg/gradle-5.1.1/lib/gradle-cli-5.1.1.jar
7fdd00038000-7fdd0003a000 r--s 00004000 08:01 8654286                    /home/angnima/.gradle/wrapper/dists/gradle-5.1.1-all/97z1ksx6lirer3kbvdnh7jtjg/gradle-5.1.1/lib/log4j-over-slf4j-1.7.25.jar
7fdd0003a000-7fdd0003c000 r--s 00000000 08:01 8654285                    /home/angnima/.gradle/wrapper/dists/gradle-5.1.1-all/97z1ksx6lirer3kbvdnh7jtjg/gradle-5.1.1/lib/jul-to-slf4j-1.7.25.jar
7fdd0003c000-7fdd0003e000 r--s 00003000 08:01 8654284                    /home/angnima/.gradle/wrapper/dists/gradle-5.1.1-all/97z1ksx6lirer3kbvdnh7jtjg/gradle-5.1.1/lib/jcl-over-slf4j-1.7.25.jar
7fdd0003e000-7fdd00046000 r--s 00035000 08:01 8654268                    /home/angnima/.gradle/wrapper/dists/gradle-5.1.1-all/97z1ksx6lirer3kbvdnh7jtjg/gradle-5.1.1/lib/gradle-logging-5.1.1.jar
7fdd00046000-7fdd0004b000 r--s 00015000 08:01 8654270                    /home/angnima/.gradle/wrapper/dists/gradle-5.1.1-all/97z1ksx6lirer3kbvdnh7jtjg/gradle-5.1.1/lib/gradle-resources-5.1.1.jar
7fdd0004b000-7fdd00052000 r--s 00036000 08:01 8654267                    /home/angnima/.gradle/wrapper/dists/gradle-5.1.1-all/97z1ksx6lirer3kbvdnh7jtjg/gradle-5.1.1/lib/gradle-persistent-cache-5.1.1.jar
7fdd00052000-7fdd00057000 r--s 00014000 08:01 8654266                    /home/angnima/.gradle/wrapper/dists/gradle-5.1.1-all/97z1ksx6lirer3kbvdnh7jtjg/gradle-5.1.1/lib/gradle-build-cache-5.1.1.jar
7fdd00057000-7fdd00068000 r--s 00092000 08:01 8654264                    /home/angnima/.gradle/wrapper/dists/gradle-5.1.1-all/97z1ksx6lirer3kbvdnh7jtjg/gradle-5.1.1/lib/gradle-model-core-5.1.1.jar
7fdd00068000-7fdd0006a000 r--s 0000d000 08:01 8654272                    /home/angnima/.gradle/wrapper/dists/gradle-5.1.1-all/97z1ksx6lirer3kbvdnh7jtjg/gradle-5.1.1/lib/gradle-base-services-groovy-5.1.1.jar
7fdd0006a000-7fdd0006c000 r--s 00007000 08:01 8654263                    /home/angnima/.gradle/wrapper/dists/gradle-5.1.1-all/97z1ksx6lirer3kbvdnh7jtjg/gradle-5.1.1/lib/gradle-model-groovy-5.1.1.jar
7fdd0006c000-7fdd0006e000 r--s 00006000 08:01 8654277                    /home/angnima/.gradle/wrapper/dists/gradle-5.1.1-all/97z1ksx6lirer3kbvdnh7jtjg/gradle-5.1.1/lib/gradle-docs-5.1.1.jar
7fdd0006e000-7fdd00077000 r--s 0002d000 08:01 8654298                    /home/angnima/.gradle/wrapper/dists/gradle-5.1.1-all/97z1ksx6lirer3kbvdnh7jtjg/gradle-5.1.1/lib/xml-apis-1.4.01.jar
7fdd00077000-7fdd00078000 r--s 00000000 08:01 8654294                    /home/angnima/.gradle/wrapper/dists/gradle-5.1.1-all/97z1ksx6lirer3kbvdnh7jtjg/gradle-5.1.1/lib/javax.inject-1.jar
7fdd00078000-7fdd00083000 r--s 00086000 08:01 8654297                    /home/angnima/.gradle/wrapper/dists/gradle-5.1.1-all/97z1ksx6lirer3kbvdnh7jtjg/gradle-5.1.1/lib/commons-compress-1.18.jar
7fdd00083000-7fdd00090000 r--s 00083000 08:01 8654295                    /home/angnima/.gradle/wrapper/dists/gradle-5.1.1-all/97z1ksx6lirer3kbvdnh7jtjg/gradle-5.1.1/lib/commons-collections-3.2.2.jar
7fdd00090000-7fdd00092000 r--s 00007000 08:01 8654279                    /home/angnima/.gradle/wrapper/dists/gradle-5.1.1-all/97z1ksx6lirer3kbvdnh7jtjg/gradle-5.1.1/lib/asm-analysis-7.0.jar
7fdd00092000-7fdd00094000 r--s 0000b000 08:01 8654280                    /home/angnima/.gradle/wrapper/dists/gradle-5.1.1-all/97z1ksx6lirer3kbvdnh7jtjg/gradle-5.1.1/lib/asm-tree-7.0.jar
7fdd00094000-7fdd00096000 r--s 00012000 08:01 8654278                    /home/angnima/.gradle/wrapper/dists/gradle-5.1.1-all/97z1ksx6lirer3kbvdnh7jtjg/gradle-5.1.1/lib/asm-commons-7.0.jar
7fdd00096000-7fdd00097000 r--s 00004000 08:01 8654304                    /home/angnima/.gradle/wrapper/dists/gradle-5.1.1-all/97z1ksx6lirer3kbvdnh7jtjg/gradle-5.1.1/lib/native-platform-freebsd-amd64-libcpp-0.14.jar
7fdd00097000-7fdd00098000 r--s 00004000 08:01 8654305                    /home/angnima/.gradle/wrapper/dists/gradle-5.1.1-all/97z1ksx6lirer3kbvdnh7jtjg/gradle-5.1.1/lib/native-platform-freebsd-amd64-libstdcpp-0.14.jar
7fdd00098000-7fdd00099000 r--s 00004000 08:01 8654306                    /home/angnima/.gradle/wrapper/dists/gradle-5.1.1-all/97z1ksx6lirer3kbvdnh7jtjg/gradle-5.1.1/lib/native-platform-freebsd-i386-libcpp-0.14.jar
7fdd00099000-7fdd0009a000 r--s 00003000 08:01 8654307                    /home/angnima/.gradle/wrapper/dists/gradle-5.1.1-all/97z1ksx6lirer3kbvdnh7jtjg/gradle-5.1.1/lib/native-platform-freebsd-i386-libstdcpp-0.14.jar
7fdd0009a000-7fdd0009b000 r--s 00002000 08:01 8654308                    /home/angnima/.gradle/wrapper/dists/gradle-5.1.1-all/97z1ksx6lirer3kbvdnh7jtjg/gradle-5.1.1/lib/native-platform-linux-amd64-0.14.jar
7fdd0009b000-7fdd0009c000 r--s 00002000 08:01 8654309                    /home/angnima/.gradle/wrapper/dists/gradle-5.1.1-all/97z1ksx6lirer3kbvdnh7jtjg/gradle-5.1.1/lib/native-platform-linux-i386-0.14.jar
7fdd0009c000-7fdd0009e000 r--s 00002000 08:01 8654310                    /home/angnima/.gradle/wrapper/dists/gradle-5.1.1-all/97z1ksx6lirer3kbvdnh7jtjg/gradle-5.1.1/lib/native-platform-osx-amd64-0.14.jar
7fdd0009e000-7fdd0009f000 r--s 00003000 08:01 8654311                    /home/angnima/.gradle/wrapper/dists/gradle-5.1.1-all/97z1ksx6lirer3kbvdnh7jtjg/gradle-5.1.1/lib/native-platform-osx-i386-0.14.jar
7fdd0009f000-7fdd000a1000 r--s 0000b000 08:01 8654312                    /home/angnima/.gradle/wrapper/dists/gradle-5.1.1-all/97z1ksx6lirer3kbvdnh7jtjg/gradle-5.1.1/lib/native-platform-windows-amd64-0.14.jar
7fdd000a1000-7fdd000a2000 r--s 0000b000 08:01 8654313                    /home/angnima/.gradle/wrapper/dists/gradle-5.1.1-all/97z1ksx6lirer3kbvdnh7jtjg/gradle-5.1.1/lib/native-platform-windows-i386-0.14.jar
7fdd000a2000-7fdd000d2000 r--s 0024b000 08:01 8654288                    /home/angnima/.gradle/wrapper/dists/gradle-5.1.1-all/97z1ksx6lirer3kbvdnh7jtjg/gradle-5.1.1/lib/guava-26.0-android.jar
7fdd000d2000-7fdd000f1000 r--s 001da000 08:01 8654293                    /home/angnima/.gradle/wrapper/dists/gradle-5.1.1-all/97z1ksx6lirer3kbvdnh7jtjg/gradle-5.1.1/lib/ant-1.9.13.jar
7fdd000f1000-7fdd000f2000 ---p 00000000 00:00 0 
7fdd000f2000-7fdd001f2000 rw-p 00000000 00:00 0 
7fdd001f2000-7fdd001f5000 ---p 00000000 00:00 0 
7fdd001f5000-7fdd002f3000 rw-p 00000000 00:00 0 
7fdd002f3000-7fdd002f4000 ---p 00000000 00:00 0 
7fdd002f4000-7fdd002f7000 ---p 00000000 00:00 0 
7fdd002f7000-7fdd003f4000 rw-p 00000000 00:00 0 
7fdd003f4000-7fdd003f5000 ---p 00000000 00:00 0 
7fdd003f5000-7fdd003f8000 ---p 00000000 00:00 0 
7fdd003f8000-7fdd004f5000 rw-p 00000000 00:00 0 
7fdd004f5000-7fdd004f6000 ---p 00000000 00:00 0 
7fdd004f6000-7fdd004f9000 ---p 00000000 00:00 0 
7fdd004f9000-7fdd005f6000 rw-p 00000000 00:00 0 
7fdd005f6000-7fdd005f9000 ---p 00000000 00:00 0 
7fdd005f9000-7fdd006f7000 rw-p 00000000 00:00 0 
7fdd006f7000-7fdd006fa000 ---p 00000000 00:00 0 
7fdd006fa000-7fdd007f8000 rw-p 00000000 00:00 0 
7fdd007f8000-7fdd007fb000 ---p 00000000 00:00 0 
7fdd007fb000-7fdd008f9000 rw-p 00000000 00:00 0 
7fdd008f9000-7fdd008fa000 ---p 00000000 00:00 0 
7fdd008fa000-7fdd04000000 rw-p 00000000 00:00 0 
7fdd04000000-7fdd04021000 rw-p 00000000 00:00 0 
7fdd04021000-7fdd08000000 ---p 00000000 00:00 0 
7fdd08000000-7fdd08001000 r--s 00001000 08:01 8654314                    /home/angnima/.gradle/wrapper/dists/gradle-5.1.1-all/97z1ksx6lirer3kbvdnh7jtjg/gradle-5.1.1/lib/native-platform-linux-amd64-ncurses5-0.14.jar
7fdd08001000-7fdd08002000 r--s 00001000 08:01 8654315                    /home/angnima/.gradle/wrapper/dists/gradle-5.1.1-all/97z1ksx6lirer3kbvdnh7jtjg/gradle-5.1.1/lib/native-platform-linux-amd64-ncurses6-0.14.jar
7fdd08002000-7fdd08003000 r--s 00001000 08:01 8654316                    /home/angnima/.gradle/wrapper/dists/gradle-5.1.1-all/97z1ksx6lirer3kbvdnh7jtjg/gradle-5.1.1/lib/native-platform-linux-i386-ncurses5-0.14.jar
7fdd08003000-7fdd08007000 r--s 00012000 08:01 8654296                    /home/angnima/.gradle/wrapper/dists/gradle-5.1.1-all/97z1ksx6lirer3kbvdnh7jtjg/gradle-5.1.1/lib/native-platform-0.14.jar
7fdd08007000-7fdd0800b000 r--s 00042000 08:01 8654299                    /home/angnima/.gradle/wrapper/dists/gradle-5.1.1-all/97z1ksx6lirer3kbvdnh7jtjg/gradle-5.1.1/lib/jansi-1.17.1.jar
7fdd0800b000-7fdd0800e000 r--s 0000c000 08:01 8654271                    /home/angnima/.gradle/wrapper/dists/gradle-5.1.1-all/97z1ksx6lirer3kbvdnh7jtjg/gradle-5.1.1/lib/gradle-native-5.1.1.jar
7fdd0800e000-7fdd08010000 r--s 0000c000 08:01 8654301                    /home/angnima/.gradle/wrapper/dists/gradle-5.1.1-all/97z1ksx6lirer3kbvdnh7jtjg/gradle-5.1.1/lib/objenesis-2.6.jar
7fdd08010000-7fdd08016000 r--s 0004d000 08:01 8654300                    /home/angnima/.gradle/wrapper/dists/gradle-5.1.1-all/97z1ksx6lirer3kbvdnh7jtjg/gradle-5.1.1/lib/kryo-2.24.0.jar
7fdd08016000-7fdd0801d000 r--s 00030000 08:01 8654273                    /home/angnima/.gradle/wrapper/dists/gradle-5.1.1-all/97z1ksx6lirer3kbvdnh7jtjg/gradle-5.1.1/lib/gradle-messaging-5.1.1.jar
7fdd0801d000-7fdd0805a000 r--s 0020d000 08:01 8654257                    /home/angnima/.gradle/wrapper/dists/gradle-5.1.1-all/97z1ksx6lirer3kbvdnh7jtjg/gradle-5.1.1/lib/gradle-core-5.1.1.jar
7fdd0805a000-7fdd08068000 r--s 0003c000 08:01 8654265                    /home/angnima/.gradle/wrapper/dists/gradle-5.1.1-all/97z1ksx6lirer3kbvdnh7jtjg/gradle-5.1.1/lib/gradle-core-api-5.1.1.jar
7fdd08068000-7fdd08075000 r--s 0006c000 08:01 8654274                    /home/angnima/.gradle/wrapper/dists/gradle-5.1.1-all/97z1ksx6lirer3kbvdnh7jtjg/gradle-5.1.1/lib/gradle-base-services-5.1.1.jar
7fdd08075000-7fdd09000000 rw-p 00000000 00:00 0 
7fdd09000000-7fdd095b0000 rwxp 00000000 00:00 0 
7fdd095b0000-7fdd18000000 ---p 00000000 00:00 0 
7fdd18000000-7fdd18fda000 rw-p 00000000 00:00 0 
7fdd18fda000-7fdd1c000000 ---p 00000000 00:00 0 
7fdd1c000000-7fdd1c002000 r--s 00000000 08:01 8654303                    /home/angnima/.gradle/wrapper/dists/gradle-5.1.1-all/97z1ksx6lirer3kbvdnh7jtjg/gradle-5.1.1/lib/minlog-1.2.jar
7fdd1c002000-7fdd1c004000 r--s 00006000 08:01 8654269                    /home/angnima/.gradle/wrapper/dists/gradle-5.1.1-all/97z1ksx6lirer3kbvdnh7jtjg/gradle-5.1.1/lib/gradle-process-services-5.1.1.jar
7fdd1c004000-7fdd1c006000 r--s 00000000 08:01 8654258                    /home/angnima/.gradle/wrapper/dists/gradle-5.1.1-all/97z1ksx6lirer3kbvdnh7jtjg/gradle-5.1.1/lib/gradle-jvm-services-5.1.1.jar
7fdd1c006000-7fdd1c008000 r--s 00003000 08:01 8654289                    /home/angnima/.gradle/wrapper/dists/gradle-5.1.1-all/97z1ksx6lirer3kbvdnh7jtjg/gradle-5.1.1/lib/jsr305-3.0.2.jar
7fdd1c008000-7fdd1c00b000 r--s 0001c000 08:01 8654290                    /home/angnima/.gradle/wrapper/dists/gradle-5.1.1-all/97z1ksx6lirer3kbvdnh7jtjg/gradle-5.1.1/lib/fastutil-8.2.1-min.jar
7fdd1c00b000-7fdd1c25b000 rw-p 00000000 00:00 0 
7fdd1c25b000-7fdd1c42c000 r--s 03c8a000 08:01 3022793                    /home/angnima/Documents/software in use/android-studio/jre/jre/lib/rt.jar
7fdd1c42c000-7fdd1c7fd000 rw-p 00000000 00:00 0 
7fdd1c7fd000-7fdd1c7fe000 ---p 00000000 00:00 0 
7fdd1c7fe000-7fdd1c8fe000 rw-p 00000000 00:00 0 
7fdd1c8fe000-7fdd1c8ff000 ---p 00000000 00:00 0 
7fdd1c8ff000-7fdd1c9ff000 rw-p 00000000 00:00 0 
7fdd1c9ff000-7fdd1ca00000 ---p 00000000 00:00 0 
7fdd1ca00000-7fdd1cb00000 rw-p 00000000 00:00 0 
7fdd1cb00000-7fdd1cb01000 ---p 00000000 00:00 0 
7fdd1cb01000-7fdd1cc16000 rw-p 00000000 00:00 0 
7fdd1cc16000-7fdd1ce01000 ---p 00000000 00:00 0 
7fdd1ce01000-7fdd1ce16000 rw-p 00000000 00:00 0 
7fdd1ce16000-7fdd1d001000 ---p 00000000 00:00 0 
7fdd1d001000-7fdd1d027000 rw-p 00000000 00:00 0 
7fdd1d027000-7fdd1d101000 ---p 00000000 00:00 0 
7fdd1d101000-7fdd1d119000 rw-p 00000000 00:00 0 
7fdd1d119000-7fdd1d4c2000 ---p 00000000 00:00 0 
7fdd1d4c2000-7fdd1d4cd000 r-xp 00000000 08:01 4592586                    /lib/x86_64-linux-gnu/libnss_files-2.27.so
7fdd1d4cd000-7fdd1d6cc000 ---p 0000b000 08:01 4592586                    /lib/x86_64-linux-gnu/libnss_files-2.27.so
7fdd1d6cc000-7fdd1d6cd000 r--p 0000a000 08:01 4592586                    /lib/x86_64-linux-gnu/libnss_files-2.27.so
7fdd1d6cd000-7fdd1d6ce000 rw-p 0000b000 08:01 4592586                    /lib/x86_64-linux-gnu/libnss_files-2.27.so
7fdd1d6ce000-7fdd1d6d4000 rw-p 00000000 00:00 0 
7fdd1d6d4000-7fdd1d6eb000 r-xp 00000000 08:01 4592580                    /lib/x86_64-linux-gnu/libnsl-2.27.so
7fdd1d6eb000-7fdd1d8ea000 ---p 00017000 08:01 4592580                    /lib/x86_64-linux-gnu/libnsl-2.27.so
7fdd1d8ea000-7fdd1d8eb000 r--p 00016000 08:01 4592580                    /lib/x86_64-linux-gnu/libnsl-2.27.so
7fdd1d8eb000-7fdd1d8ec000 rw-p 00017000 08:01 4592580                    /lib/x86_64-linux-gnu/libnsl-2.27.so
7fdd1d8ec000-7fdd1d8ee000 rw-p 00000000 00:00 0 
7fdd1d8ee000-7fdd1d8f9000 r-xp 00000000 08:01 4592597                    /lib/x86_64-linux-gnu/libnss_nis-2.27.so
7fdd1d8f9000-7fdd1daf8000 ---p 0000b000 08:01 4592597                    /lib/x86_64-linux-gnu/libnss_nis-2.27.so
7fdd1daf8000-7fdd1daf9000 r--p 0000a000 08:01 4592597                    /lib/x86_64-linux-gnu/libnss_nis-2.27.so
7fdd1daf9000-7fdd1dafa000 rw-p 0000b000 08:01 4592597                    /lib/x86_64-linux-gnu/libnss_nis-2.27.so
7fdd1dafa000-7fdd1db02000 r-xp 00000000 08:01 4592582                    /lib/x86_64-linux-gnu/libnss_compat-2.27.so
7fdd1db02000-7fdd1dd02000 ---p 00008000 08:01 4592582                    /lib/x86_64-linux-gnu/libnss_compat-2.27.so
7fdd1dd02000-7fdd1dd03000 r--p 00008000 08:01 4592582                    /lib/x86_64-linux-gnu/libnss_compat-2.27.so
7fdd1dd03000-7fdd1dd04000 rw-p 00009000 08:01 4592582                    /lib/x86_64-linux-gnu/libnss_compat-2.27.so
7fdd1dd04000-7fdd1dd0b000 r-xp 00000000 08:01 4592637                    /lib/x86_64-linux-gnu/librt-2.27.so
7fdd1dd0b000-7fdd1df0a000 ---p 00007000 08:01 4592637                    /lib/x86_64-linux-gnu/librt-2.27.so
7fdd1df0a000-7fdd1df0b000 r--p 00006000 08:01 4592637                    /lib/x86_64-linux-gnu/librt-2.27.so
7fdd1df0b000-7fdd1df0c000 rw-p 00007000 08:01 4592637                    /lib/x86_64-linux-gnu/librt-2.27.so
7fdd1df0c000-7fdd1e0a9000 r-xp 00000000 08:01 4592559                    /lib/x86_64-linux-gnu/libm-2.27.so
7fdd1e0a9000-7fdd1e2a8000 ---p 0019d000 08:01 4592559                    /lib/x86_64-linux-gnu/libm-2.27.so
7fdd1e2a8000-7fdd1e2a9000 r--p 0019c000 08:01 4592559                    /lib/x86_64-linux-gnu/libm-2.27.so
7fdd1e2a9000-7fdd1e2aa000 rw-p 0019d000 08:01 4592559                    /lib/x86_64-linux-gnu/libm-2.27.so
7fdd1e2aa000-7fdd1eec2000 r-xp 00000000 08:01 3022803                    /home/angnima/Documents/software in use/android-studio/jre/jre/lib/amd64/server/libjvm.so
7fdd1eec2000-7fdd1ef91000 rw-p 00c18000 08:01 3022803                    /home/angnima/Documents/software in use/android-studio/jre/jre/lib/amd64/server/libjvm.so
7fdd1ef91000-7fdd1efd6000 rw-p 00000000 00:00 0 
7fdd1efd6000-7fdd1f1bd000 r-xp 00000000 08:01 4592496                    /lib/x86_64-linux-gnu/libc-2.27.so
7fdd1f1bd000-7fdd1f3bd000 ---p 001e7000 08:01 4592496                    /lib/x86_64-linux-gnu/libc-2.27.so
7fdd1f3bd000-7fdd1f3c1000 r--p 001e7000 08:01 4592496                    /lib/x86_64-linux-gnu/libc-2.27.so
7fdd1f3c1000-7fdd1f3c3000 rw-p 001eb000 08:01 4592496                    /lib/x86_64-linux-gnu/libc-2.27.so
7fdd1f3c3000-7fdd1f3c7000 rw-p 00000000 00:00 0 
7fdd1f3c7000-7fdd1f3ca000 r-xp 00000000 08:01 4592519                    /lib/x86_64-linux-gnu/libdl-2.27.so
7fdd1f3ca000-7fdd1f5c9000 ---p 00003000 08:01 4592519                    /lib/x86_64-linux-gnu/libdl-2.27.so
7fdd1f5c9000-7fdd1f5ca000 r--p 00002000 08:01 4592519                    /lib/x86_64-linux-gnu/libdl-2.27.so
7fdd1f5ca000-7fdd1f5cb000 rw-p 00003000 08:01 4592519                    /lib/x86_64-linux-gnu/libdl-2.27.so
7fdd1f5cb000-7fdd1f5e5000 r-xp 00000000 08:01 4592629                    /lib/x86_64-linux-gnu/libpthread-2.27.so
7fdd1f5e5000-7fdd1f7e4000 ---p 0001a000 08:01 4592629                    /lib/x86_64-linux-gnu/libpthread-2.27.so
7fdd1f7e4000-7fdd1f7e5000 r--p 00019000 08:01 4592629                    /lib/x86_64-linux-gnu/libpthread-2.27.so
7fdd1f7e5000-7fdd1f7e6000 rw-p 0001a000 08:01 4592629                    /lib/x86_64-linux-gnu/libpthread-2.27.so
7fdd1f7e6000-7fdd1f7ea000 rw-p 00000000 00:00 0 
7fdd1f7ea000-7fdd1f811000 r-xp 00000000 08:01 4592468                    /lib/x86_64-linux-gnu/ld-2.27.so
7fdd1f811000-7fdd1f812000 r--s 00001000 08:01 8654317                    /home/angnima/.gradle/wrapper/dists/gradle-5.1.1-all/97z1ksx6lirer3kbvdnh7jtjg/gradle-5.1.1/lib/native-platform-linux-i386-ncurses6-0.14.jar
7fdd1f812000-7fdd1f817000 r--s 00041000 08:01 8654283                    /home/angnima/.gradle/wrapper/dists/gradle-5.1.1-all/97z1ksx6lirer3kbvdnh7jtjg/gradle-5.1.1/lib/commons-lang-2.6.jar
7fdd1f817000-7fdd1f81b000 r--s 00031000 08:01 8654282                    /home/angnima/.gradle/wrapper/dists/gradle-5.1.1-all/97z1ksx6lirer3kbvdnh7jtjg/gradle-5.1.1/lib/commons-io-2.6.jar
7fdd1f81b000-7fdd1f81d000 r--s 0001a000 08:01 8654281                    /home/angnima/.gradle/wrapper/dists/gradle-5.1.1-all/97z1ksx6lirer3kbvdnh7jtjg/gradle-5.1.1/lib/asm-7.0.jar
7fdd1f81d000-7fdd1f82a000 r--s 0006d000 08:01 8654252                    /home/angnima/.gradle/wrapper/dists/gradle-5.1.1-all/97z1ksx6lirer3kbvdnh7jtjg/gradle-5.1.1/lib/gradle-launcher-5.1.1.jar
7fdd1f82a000-7fdd1f891000 rw-p 00000000 00:00 0 
7fdd1f891000-7fdd1f8ab000 r-xp 00000000 08:01 3022829                    /home/angnima/Documents/software in use/android-studio/jre/jre/lib/amd64/libzip.so
7fdd1f8ab000-7fdd1f8ac000 rw-p 00019000 08:01 3022829                    /home/angnima/Documents/software in use/android-studio/jre/jre/lib/amd64/libzip.so
7fdd1f8ac000-7fdd1f8d7000 r-xp 00000000 08:01 3022828                    /home/angnima/Documents/software in use/android-studio/jre/jre/lib/amd64/libjava.so
7fdd1f8d7000-7fdd1f8d9000 rw-p 0002b000 08:01 3022828                    /home/angnima/Documents/software in use/android-studio/jre/jre/lib/amd64/libjava.so
7fdd1f8d9000-7fdd1f8da000 ---p 00000000 00:00 0 
7fdd1f8da000-7fdd1f8dd000 ---p 00000000 00:00 0 
7fdd1f8dd000-7fdd1f9dc000 rw-p 00000000 00:00 0 
7fdd1f9dc000-7fdd1f9f1000 r-xp 00000000 08:01 3022906                    /home/angnima/Documents/software in use/android-studio/jre/lib/amd64/jli/libjli.so
7fdd1f9f1000-7fdd1f9f2000 rw-p 00015000 08:01 3022906                    /home/angnima/Documents/software in use/android-studio/jre/lib/amd64/jli/libjli.so
7fdd1f9f2000-7fdd1f9f3000 r--s 00000000 08:01 8654291                    /home/angnima/.gradle/wrapper/dists/gradle-5.1.1-all/97z1ksx6lirer3kbvdnh7jtjg/gradle-5.1.1/lib/jcip-annotations-1.0.jar
7fdd1f9f3000-7fdd1f9f5000 r--s 00009000 08:01 8654287                    /home/angnima/.gradle/wrapper/dists/gradle-5.1.1-all/97z1ksx6lirer3kbvdnh7jtjg/gradle-5.1.1/lib/slf4j-api-1.7.25.jar
7fdd1f9f5000-7fdd1f9f6000 r--s 00004000 08:01 8654302                    /home/angnima/.gradle/wrapper/dists/gradle-5.1.1-all/97z1ksx6lirer3kbvdnh7jtjg/gradle-5.1.1/lib/ant-launcher-1.9.13.jar
7fdd1f9f6000-7fdd1f9fe000 rw-s 00000000 08:01 4078050                    /tmp/hsperfdata_angnima/20199
7fdd1f9fe000-7fdd1f9ff000 rw-p 00000000 00:00 0 
7fdd1f9ff000-7fdd1fa00000 ---p 00000000 00:00 0 
7fdd1fa00000-7fdd1fa0d000 r-xp 00000000 08:01 3022810                    /home/angnima/Documents/software in use/android-studio/jre/jre/lib/amd64/libverify.so
7fdd1fa0d000-7fdd1fa0f000 rw-p 0000c000 08:01 3022810                    /home/angnima/Documents/software in use/android-studio/jre/jre/lib/amd64/libverify.so
7fdd1fa0f000-7fdd1fa11000 rw-p 00000000 00:00 0 
7fdd1fa11000-7fdd1fa12000 r--p 00027000 08:01 4592468                    /lib/x86_64-linux-gnu/ld-2.27.so
7fdd1fa12000-7fdd1fa13000 rw-p 00028000 08:01 4592468                    /lib/x86_64-linux-gnu/ld-2.27.so
7fdd1fa13000-7fdd1fa14000 rw-p 00000000 00:00 0 
7ffe81f02000-7ffe81f24000 rw-p 00000000 00:00 0                          [stack]
7ffe81fdf000-7ffe81fe2000 r--p 00000000 00:00 0                          [vvar]
7ffe81fe2000-7ffe81fe4000 r-xp 00000000 00:00 0                          [vdso]
ffffffffff600000-ffffffffff601000 r-xp 00000000 00:00 0                  [vsyscall]

VM Arguments:
jvm_args: -Xmx1536m -Dfile.encoding=UTF-8 -Duser.country=US -Duser.language=en -Duser.variant 
java_command: org.gradle.launcher.daemon.bootstrap.GradleDaemon 5.1.1
java_class_path (initial): /home/angnima/.gradle/wrapper/dists/gradle-5.1.1-all/97z1ksx6lirer3kbvdnh7jtjg/gradle-5.1.1/lib/gradle-launcher-5.1.1.jar
Launcher Type: SUN_STANDARD

Environment Variables:
JAVA_HOME=/usr/lib/jvm/java-11-openjdk-amd64/bin/
PATH=~/.config/composer/vendor/bin:/usr/local/sbin:/usr/local/bin:/usr/sbin:/usr/bin:/sbin:/bin:/usr/games:/usr/local/games:/snap/bin:/home/tomahawk/tools/jdk1.8.0_92/bin:/home/angnima/Documents/software in use/PhpStorm-2019.1/bin:/home/angnima/Documents/software in use/android-studio/bin:/home/angnima/Documents/software in use/nodejs/bin:/home/angnima/Documents/software in use/sublime_text_3
USERNAME=angnima
SHELL=/bin/bash
DISPLAY=:0

Signal Handlers:
SIGSEGV: [libjvm.so+0xa00760], sa_mask[0]=11111111011111111101111111111110, sa_flags=SA_RESTART|SA_SIGINFO
SIGBUS: [libjvm.so+0xa00760], sa_mask[0]=11111111011111111101111111111110, sa_flags=SA_RESTART|SA_SIGINFO
SIGFPE: [libjvm.so+0x863090], sa_mask[0]=11111111011111111101111111111110, sa_flags=SA_RESTART|SA_SIGINFO
SIGPIPE: [libjvm.so+0x863090], sa_mask[0]=11111111011111111101111111111110, sa_flags=SA_RESTART|SA_SIGINFO
SIGXFSZ: [libjvm.so+0x863090], sa_mask[0]=11111111011111111101111111111110, sa_flags=SA_RESTART|SA_SIGINFO
SIGILL: [libjvm.so+0x863090], sa_mask[0]=11111111011111111101111111111110, sa_flags=SA_RESTART|SA_SIGINFO
SIGUSR1: SIG_DFL, sa_mask[0]=00000000000000000000000000000000, sa_flags=none
SIGUSR2: [libjvm.so+0x862f60], sa_mask[0]=00100000000000000000000000000000, sa_flags=SA_RESTART|SA_SIGINFO
SIGHUP: [libjvm.so+0x863150], sa_mask[0]=11111111011111111101111111111110, sa_flags=SA_RESTART|SA_SIGINFO
SIGINT: [libjvm.so+0x863150], sa_mask[0]=11111111011111111101111111111110, sa_flags=SA_RESTART|SA_SIGINFO
SIGTERM: [libjvm.so+0x863150], sa_mask[0]=11111111011111111101111111111110, sa_flags=SA_RESTART|SA_SIGINFO
SIGQUIT: [libjvm.so+0x863150], sa_mask[0]=11111111011111111101111111111110, sa_flags=SA_RESTART|SA_SIGINFO


---------------  S Y S T E M  ---------------

OS:DISTRIB_ID=Ubuntu
DISTRIB_RELEASE=18.04
DISTRIB_CODENAME=bionic
DISTRIB_DESCRIPTION="Ubuntu 18.04.2 LTS"

uname:Linux 4.18.0-20-generic #21~18.04.1-Ubuntu SMP Wed May 8 08:43:37 UTC 2019 x86_64
libc:glibc 2.27 NPTL 2.27 
rlimit: STACK 8192k, CORE 0k, NPROC 15234, NOFILE 4096, AS infinity
load average:7.50 1.95 0.72

/proc/meminfo:
MemTotal:        3945072 kB
MemFree:          101252 kB
MemAvailable:       9676 kB
Buffers:             560 kB
Cached:           278060 kB
SwapCached:         4424 kB
Active:          2944204 kB
Inactive:         595476 kB
Active(anon):    2940556 kB
Inactive(anon):   588144 kB
Active(file):       3648 kB
Inactive(file):     7332 kB
Unevictable:         440 kB
Mlocked:             440 kB
SwapTotal:       2097148 kB
SwapFree:              0 kB
Dirty:                20 kB
Writeback:            16 kB
AnonPages:       3258488 kB
Mapped:            44384 kB
Shmem:            267012 kB
Slab:             117864 kB
SReclaimable:      44048 kB
SUnreclaim:        73816 kB
KernelStack:       19568 kB
PageTables:        87408 kB
NFS_Unstable:          0 kB
Bounce:                0 kB
WritebackTmp:          0 kB
CommitLimit:     4069684 kB
Committed_AS:   14882644 kB
VmallocTotal:   34359738367 kB
VmallocUsed:           0 kB
VmallocChunk:          0 kB
HardwareCorrupted:     0 kB
AnonHugePages:         0 kB
ShmemHugePages:        0 kB
ShmemPmdMapped:        0 kB
CmaTotal:              0 kB
CmaFree:               0 kB
HugePages_Total:       0
HugePages_Free:        0
HugePages_Rsvd:        0
HugePages_Surp:        0
Hugepagesize:       2048 kB
Hugetlb:               0 kB
DirectMap4k:      373016 kB
DirectMap2M:     3727360 kB


CPU:total 4 (initial active 4) (2 cores per cpu, 2 threads per core) family 6 model 42 stepping 7, cmov, cx8, fxsr, mmx, sse, sse2, sse3, ssse3, sse4.1, sse4.2, popcnt, avx, aes, clmul, ht, tsc, tscinvbit

/proc/cpuinfo:
processor	: 0
vendor_id	: GenuineIntel
cpu family	: 6
model		: 42
model name	: Intel(R) Core(TM) i5-2450M CPU @ 2.50GHz
stepping	: 7
microcode	: 0x2f
cpu MHz		: 2221.730
cache size	: 3072 KB
physical id	: 0
siblings	: 4
core id		: 0
cpu cores	: 2
apicid		: 0
initial apicid	: 0
fpu		: yes
fpu_exception	: yes
cpuid level	: 13
wp		: yes
flags		: fpu vme de pse tsc msr pae mce cx8 apic sep mtrr pge mca cmov pat pse36 clflush dts acpi mmx fxsr sse sse2 ss ht tm pbe syscall nx rdtscp lm constant_tsc arch_perfmon pebs bts rep_good nopl xtopology nonstop_tsc cpuid aperfmperf pni pclmulqdq dtes64 monitor ds_cpl vmx est tm2 ssse3 cx16 xtpr pdcm pcid sse4_1 sse4_2 x2apic popcnt tsc_deadline_timer aes xsave avx lahf_lm epb pti ssbd ibrs ibpb stibp tpr_shadow vnmi flexpriority ept vpid xsaveopt dtherm ida arat pln pts md_clear flush_l1d
bugs		: cpu_meltdown spectre_v1 spectre_v2 spec_store_bypass l1tf mds
bogomips	: 4988.80
clflush size	: 64
cache_alignment	: 64
address sizes	: 36 bits physical, 48 bits virtual
power management:

processor	: 1
vendor_id	: GenuineIntel
cpu family	: 6
model		: 42
model name	: Intel(R) Core(TM) i5-2450M CPU @ 2.50GHz
stepping	: 7
microcode	: 0x2f
cpu MHz		: 2110.220
cache size	: 3072 KB
physical id	: 0
siblings	: 4
core id		: 1
cpu cores	: 2
apicid		: 2
initial apicid	: 2
fpu		: yes
fpu_exception	: yes
cpuid level	: 13
wp		: yes
flags		: fpu vme de pse tsc msr pae mce cx8 apic sep mtrr pge mca cmov pat pse36 clflush dts acpi mmx fxsr sse sse2 ss ht tm pbe syscall nx rdtscp lm constant_tsc arch_perfmon pebs bts rep_good nopl xtopology nonstop_tsc cpuid aperfmperf pni pclmulqdq dtes64 monitor ds_cpl vmx est tm2 ssse3 cx16 xtpr pdcm pcid sse4_1 sse4_2 x2apic popcnt tsc_deadline_timer aes xsave avx lahf_lm epb pti ssbd ibrs ibpb stibp tpr_shadow vnmi flexpriority ept vpid xsaveopt dtherm ida arat pln pts md_clear flush_l1d
bugs		: cpu_meltdown spectre_v1 spectre_v2 spec_store_bypass l1tf mds
bogomips	: 4988.80
clflush size	: 64
cache_alignment	: 64
address sizes	: 36 bits physical, 48 bits virtual
power management:

processor	: 2
vendor_id	: GenuineIntel
cpu family	: 6
model		: 42
model name	: Intel(R) Core(TM) i5-2450M CPU @ 2.50GHz
stepping	: 7
microcode	: 0x2f
cpu MHz		: 1837.598
cache size	: 3072 KB
physical id	: 0
siblings	: 4
core id		: 0
cpu cores	: 2
apicid		: 1
initial apicid	: 1
fpu		: yes
fpu_exception	: yes
cpuid level	: 13
wp		: yes
flags		: fpu vme de pse tsc msr pae mce cx8 apic sep mtrr pge mca cmov pat pse36 clflush dts acpi mmx fxsr sse sse2 ss ht tm pbe syscall nx rdtscp lm constant_tsc arch_perfmon pebs bts rep_good nopl xtopology nonstop_tsc cpuid aperfmperf pni pclmulqdq dtes64 monitor ds_cpl vmx est tm2 ssse3 cx16 xtpr pdcm pcid sse4_1 sse4_2 x2apic popcnt tsc_deadline_timer aes xsave avx lahf_lm epb pti ssbd ibrs ibpb stibp tpr_shadow vnmi flexpriority ept vpid xsaveopt dtherm ida arat pln pts md_clear flush_l1d
bugs		: cpu_meltdown spectre_v1 spectre_v2 spec_store_bypass l1tf mds
bogomips	: 4988.80
clflush size	: 64
cache_alignment	: 64
address sizes	: 36 bits physical, 48 bits virtual
power management:

processor	: 3
vendor_id	: GenuineIntel
cpu family	: 6
model		: 42
model name	: Intel(R) Core(TM) i5-2450M CPU @ 2.50GHz
stepping	: 7
microcode	: 0x2f
cpu MHz		: 2684.637
cache size	: 3072 KB
physical id	: 0
siblings	: 4
core id		: 1
cpu cores	: 2
apicid		: 3
initial apicid	: 3
fpu		: yes
fpu_exception	: yes
cpuid level	: 13
wp		: yes
flags		: fpu vme de pse tsc msr pae mce cx8 apic sep mtrr pge mca cmov pat pse36 clflush dts acpi mmx fxsr sse sse2 ss ht tm pbe syscall nx rdtscp lm constant_tsc arch_perfmon pebs bts rep_good nopl xtopology nonstop_tsc cpuid aperfmperf pni pclmulqdq dtes64 monitor ds_cpl vmx est tm2 ssse3 cx16 xtpr pdcm pcid sse4_1 sse4_2 x2apic popcnt tsc_deadline_timer aes xsave avx lahf_lm epb pti ssbd ibrs ibpb stibp tpr_shadow vnmi flexpriority ept vpid xsaveopt dtherm ida arat pln pts md_clear flush_l1d
bugs		: cpu_meltdown spectre_v1 spectre_v2 spec_store_bypass l1tf mds
bogomips	: 4988.80
clflush size	: 64
cache_alignment	: 64
address sizes	: 36 bits physical, 48 bits virtual
power management:



Memory: 4k page, physical 3945072k(103836k free), swap 2097148k(0k free)

vm_info: OpenJDK 64-Bit Server VM (25.152-b16-5323222) for linux-amd64 JRE (1.8.0_152-release-1343-b16-5323222), built by "android-build" with gcc 4.8

time: Wed May 22 07:25:50 2019
elapsed time: 32 seconds (0d 0h 0m 32s)

